2019-05-26 00:03:01,240 ERROR 9902 [-/127.0.0.1/-/6ms POST /api/insertMovie] nodejs.ER_BAD_FIELD_ERRORError: ER_BAD_FIELD_ERROR: Unknown column 'info' in 'field list'
    at Query.Sequence._packetToError (/home/sue/React-learning-and-work/hello-antd-router/backEnd/node_modules/_mysql@2.17.1@mysql/lib/protocol/sequences/Sequence.js:47:14)
    at Query.ErrorPacket (/home/sue/React-learning-and-work/hello-antd-router/backEnd/node_modules/_mysql@2.17.1@mysql/lib/protocol/sequences/Query.js:77:18)
    at Protocol._parsePacket (/home/sue/React-learning-and-work/hello-antd-router/backEnd/node_modules/_mysql@2.17.1@mysql/lib/protocol/Protocol.js:291:23)
    at Parser._parsePacket (/home/sue/React-learning-and-work/hello-antd-router/backEnd/node_modules/_mysql@2.17.1@mysql/lib/protocol/Parser.js:433:10)
    at Parser.write (/home/sue/React-learning-and-work/hello-antd-router/backEnd/node_modules/_mysql@2.17.1@mysql/lib/protocol/Parser.js:43:10)
    at Protocol.write (/home/sue/React-learning-and-work/hello-antd-router/backEnd/node_modules/_mysql@2.17.1@mysql/lib/protocol/Protocol.js:38:16)
    at Socket.<anonymous> (/home/sue/React-learning-and-work/hello-antd-router/backEnd/node_modules/_mysql@2.17.1@mysql/lib/Connection.js:91:28)
    at Socket.<anonymous> (/home/sue/React-learning-and-work/hello-antd-router/backEnd/node_modules/_mysql@2.17.1@mysql/lib/Connection.js:525:10)
    at Socket.emit (events.js:189:13)
    at addChunk (_stream_readable.js:284:12)
    --------------------
    at Pool.query (/home/sue/React-learning-and-work/hello-antd-router/backEnd/node_modules/_mysql@2.17.1@mysql/lib/Pool.js:199:23)
    at /home/sue/React-learning-and-work/hello-antd-router/backEnd/node_modules/_pify@2.3.0@pify/index.js:29:7
    at new Promise (<anonymous>)
    at Pool.<anonymous> (/home/sue/React-learning-and-work/hello-antd-router/backEnd/node_modules/_pify@2.3.0@pify/index.js:12:10)
    at Pool.ret [as query] (/home/sue/React-learning-and-work/hello-antd-router/backEnd/node_modules/_pify@2.3.0@pify/index.js:56:34)
    at RDSClient.proto._query (/home/sue/React-learning-and-work/hello-antd-router/backEnd/node_modules/_ali-rds@3.3.0@ali-rds/lib/client.js:34:20)
    at RDSClient.proto.query (/home/sue/React-learning-and-work/hello-antd-router/backEnd/node_modules/_ali-rds@3.3.0@ali-rds/lib/operator.js:54:29)
    at proto.query.next (<anonymous>)
    at onFulfilled (/home/sue/React-learning-and-work/hello-antd-router/backEnd/node_modules/_co@4.6.0@co/index.js:65:19)
    at /home/sue/React-learning-and-work/hello-antd-router/backEnd/node_modules/_co@4.6.0@co/index.js:54:5
    sql: INSERT INTO `movie`(`title`, `director`, `rate`, `year`, `info`) VALUES('你好', '导演', 10, 2017, '嗄')
code: "ER_BAD_FIELD_ERROR"
errno: 1054
sqlMessage: "Unknown column 'info' in 'field list'"
sqlState: "42S22"
index: 0
sql: "INSERT INTO `movie`(`title`, `director`, `rate`, `year`, `info`) VALUES('你好', '导演', 10, 2017, '嗄')"
headers: {"Access-Control-Allow-Origin":"*","vary":"Origin"}
name: "ER_BAD_FIELD_ERRORError"
pid: 9902
hostname: sue-X550JK

2019-05-26 00:05:04,810 ERROR 9902 [-/127.0.0.1/-/55ms POST /api/insertMovie] nodejs.ReferenceError: result is not defined
    at MovieService.insertMovie (/home/sue/React-learning-and-work/hello-antd-router/backEnd/app/service/movie.js:43:16)
    at process._tickCallback (internal/process/next_tick.js:68:7)
headers: {"Access-Control-Allow-Origin":"*","vary":"Origin"}
pid: 9902
hostname: sue-X550JK

2019-05-26 00:05:06,751 ERROR 9902 [-/127.0.0.1/-/35ms POST /api/insertMovie] nodejs.ReferenceError: result is not defined
    at MovieService.insertMovie (/home/sue/React-learning-and-work/hello-antd-router/backEnd/app/service/movie.js:43:16)
    at process._tickCallback (internal/process/next_tick.js:68:7)
headers: {"Access-Control-Allow-Origin":"*","vary":"Origin"}
pid: 9902
hostname: sue-X550JK

2019-05-26 09:41:30,683 ERROR 6992 [-/127.0.0.1/-/1ms POST /api/updateMovie] nodejs.TypeError: Cannot convert undefined or null to object
    at Function.keys (<anonymous>)
    at RDSClient.proto.update (/home/sue/React-learning-and-work/hello-antd-router/backEnd/node_modules/_ali-rds@3.3.0@ali-rds/lib/operator.js:147:30)
    at proto.update.next (<anonymous>)
    at onFulfilled (/home/sue/React-learning-and-work/hello-antd-router/backEnd/node_modules/_co@4.6.0@co/index.js:65:19)
    at /home/sue/React-learning-and-work/hello-antd-router/backEnd/node_modules/_co@4.6.0@co/index.js:54:5
    at new Promise (<anonymous>)
    at RDSClient.co (/home/sue/React-learning-and-work/hello-antd-router/backEnd/node_modules/_co@4.6.0@co/index.js:50:10)
    at RDSClient.createPromise [as update] (/home/sue/React-learning-and-work/hello-antd-router/backEnd/node_modules/_co@4.6.0@co/index.js:30:15)
    at MovieService.updateMovie (/home/sue/React-learning-and-work/hello-antd-router/backEnd/app/service/movie.js:126:40)
    at MovieController.updateMovie (/home/sue/React-learning-and-work/hello-antd-router/backEnd/app/controller/movie.js:90:44)
headers: {"Access-Control-Allow-Origin":"*","vary":"Origin"}
pid: 6992
hostname: sue-X550JK

2019-05-26 09:42:15,804 ERROR 6992 [-/127.0.0.1/-/0ms POST /api/updateMovie] nodejs.TypeError: Cannot convert undefined or null to object
    at Function.keys (<anonymous>)
    at RDSClient.proto.update (/home/sue/React-learning-and-work/hello-antd-router/backEnd/node_modules/_ali-rds@3.3.0@ali-rds/lib/operator.js:147:30)
    at proto.update.next (<anonymous>)
    at onFulfilled (/home/sue/React-learning-and-work/hello-antd-router/backEnd/node_modules/_co@4.6.0@co/index.js:65:19)
    at /home/sue/React-learning-and-work/hello-antd-router/backEnd/node_modules/_co@4.6.0@co/index.js:54:5
    at new Promise (<anonymous>)
    at RDSClient.co (/home/sue/React-learning-and-work/hello-antd-router/backEnd/node_modules/_co@4.6.0@co/index.js:50:10)
    at RDSClient.createPromise [as update] (/home/sue/React-learning-and-work/hello-antd-router/backEnd/node_modules/_co@4.6.0@co/index.js:30:15)
    at MovieService.updateMovie (/home/sue/React-learning-and-work/hello-antd-router/backEnd/app/service/movie.js:126:40)
    at MovieController.updateMovie (/home/sue/React-learning-and-work/hello-antd-router/backEnd/app/controller/movie.js:90:44)
headers: {"Access-Control-Allow-Origin":"*","vary":"Origin"}
pid: 6992
hostname: sue-X550JK

2019-05-26 09:42:20,226 ERROR 7187 [-/127.0.0.1/-/17ms POST /api/updateMovie] nodejs.Error: Can not auto detect update condition, please set options.where, or make sure obj.id exists
    at RDSClient.proto.update (/home/sue/React-learning-and-work/hello-antd-router/backEnd/node_modules/_ali-rds@3.3.0@ali-rds/lib/operator.js:151:13)
    at proto.update.next (<anonymous>)
    at onFulfilled (/home/sue/React-learning-and-work/hello-antd-router/backEnd/node_modules/_co@4.6.0@co/index.js:65:19)
    at /home/sue/React-learning-and-work/hello-antd-router/backEnd/node_modules/_co@4.6.0@co/index.js:54:5
    at new Promise (<anonymous>)
    at RDSClient.co (/home/sue/React-learning-and-work/hello-antd-router/backEnd/node_modules/_co@4.6.0@co/index.js:50:10)
    at RDSClient.createPromise [as update] (/home/sue/React-learning-and-work/hello-antd-router/backEnd/node_modules/_co@4.6.0@co/index.js:30:15)
    at MovieService.updateMovie (/home/sue/React-learning-and-work/hello-antd-router/backEnd/app/service/movie.js:126:40)
    at MovieController.updateMovie (/home/sue/React-learning-and-work/hello-antd-router/backEnd/app/controller/movie.js:90:44)
    at Object.callFn (/home/sue/React-learning-and-work/hello-antd-router/backEnd/node_modules/_egg-core@4.17.2@egg-core/lib/utils/index.js:44:21)
headers: {"Access-Control-Allow-Origin":"*","vary":"Origin"}
pid: 7187
hostname: sue-X550JK

2019-05-26 09:42:58,318 ERROR 7240 [-/127.0.0.1/-/21ms POST /api/updateMovie] nodejs.Error: Can not auto detect update condition, please set options.where, or make sure obj.id exists
    at RDSClient.proto.update (/home/sue/React-learning-and-work/hello-antd-router/backEnd/node_modules/_ali-rds@3.3.0@ali-rds/lib/operator.js:151:13)
    at proto.update.next (<anonymous>)
    at onFulfilled (/home/sue/React-learning-and-work/hello-antd-router/backEnd/node_modules/_co@4.6.0@co/index.js:65:19)
    at /home/sue/React-learning-and-work/hello-antd-router/backEnd/node_modules/_co@4.6.0@co/index.js:54:5
    at new Promise (<anonymous>)
    at RDSClient.co (/home/sue/React-learning-and-work/hello-antd-router/backEnd/node_modules/_co@4.6.0@co/index.js:50:10)
    at RDSClient.createPromise [as update] (/home/sue/React-learning-and-work/hello-antd-router/backEnd/node_modules/_co@4.6.0@co/index.js:30:15)
    at MovieService.updateMovie (/home/sue/React-learning-and-work/hello-antd-router/backEnd/app/service/movie.js:126:40)
    at MovieController.updateMovie (/home/sue/React-learning-and-work/hello-antd-router/backEnd/app/controller/movie.js:91:44)
    at Object.callFn (/home/sue/React-learning-and-work/hello-antd-router/backEnd/node_modules/_egg-core@4.17.2@egg-core/lib/utils/index.js:44:21)
headers: {"Access-Control-Allow-Origin":"*","vary":"Origin"}
pid: 7240
hostname: sue-X550JK

