2019-05-26 00:00:02,190 INFO 9830 [egg-logrotator] app logger reload: got log-reload message
2019-05-26 00:00:17,422 INFO 9858 [egg:logger] init all loggers with options: {"dir":"/home/sue/React-learning-and-work/hello-antd-router/backEnd/logs/demo","encoding":"utf8","env":"local","level":"INFO","consoleLevel":"INFO","disableConsoleAfterReady":false,"outputJSON":true,"buffer":true,"appLogName":"demo-web.log","coreLogName":"egg-web.log","agentLogName":"egg-agent.log","errorLogName":"common-error.log","coreLogger":{"consoleLevel":"WARN"},"allowDebugAtProd":false,"type":"application"}
2019-05-26 00:00:17,446 INFO 9858 [egg-multipart] stream mode enable
2019-05-26 00:00:17,449 INFO 9858 [egg-mysql] connecting root@127.0.0.1:3307/douban
2019-05-26 00:00:17,513 INFO 9858 [egg-static] starting static serve /public/ -> /home/sue/React-learning-and-work/hello-antd-router/backEnd/app/public
2019-05-26 00:00:17,515 INFO 9858 [egg-security] use methodnoallow middleware
2019-05-26 00:00:17,515 INFO 9858 [egg-security] use noopen middleware
2019-05-26 00:00:17,515 INFO 9858 [egg-security] use nosniff middleware
2019-05-26 00:00:17,516 INFO 9858 [egg-security] use xssProtection middleware
2019-05-26 00:00:17,516 INFO 9858 [egg-security] use xframe middleware
2019-05-26 00:00:17,516 INFO 9858 [egg-security] use dta middleware
2019-05-26 00:00:17,516 INFO 9858 [egg-security] compose 6 middlewares into one security middleware
2019-05-26 00:00:17,524 INFO 9858 [egg:core] dump config after load, 3ms
2019-05-26 00:00:17,538 INFO 9858 [egg-watcher:application] watcher start success
2019-05-26 00:00:17,539 INFO 9858 [egg-mysql] instance[0] status OK, rds currentTime: Sat May 25 2019 16:00:17 GMT+0800 (GMT+08:00)
2019-05-26 00:00:17,546 INFO 9858 [egg:core] dump config after ready, 4ms
2019-05-26 00:00:19,832 INFO 9869 [egg:logger] init all loggers with options: {"dir":"/home/sue/React-learning-and-work/hello-antd-router/backEnd/logs/demo","encoding":"utf8","env":"local","level":"INFO","consoleLevel":"INFO","disableConsoleAfterReady":false,"outputJSON":true,"buffer":true,"appLogName":"demo-web.log","coreLogName":"egg-web.log","agentLogName":"egg-agent.log","errorLogName":"common-error.log","coreLogger":{"consoleLevel":"WARN"},"allowDebugAtProd":false,"type":"application"}
2019-05-26 00:00:19,858 INFO 9869 [egg-multipart] stream mode enable
2019-05-26 00:00:19,860 INFO 9869 [egg-mysql] connecting root@127.0.0.1:3307/douban
2019-05-26 00:00:19,918 INFO 9869 [egg-static] starting static serve /public/ -> /home/sue/React-learning-and-work/hello-antd-router/backEnd/app/public
2019-05-26 00:00:19,920 INFO 9869 [egg-security] use methodnoallow middleware
2019-05-26 00:00:19,920 INFO 9869 [egg-security] use noopen middleware
2019-05-26 00:00:19,920 INFO 9869 [egg-security] use nosniff middleware
2019-05-26 00:00:19,921 INFO 9869 [egg-security] use xssProtection middleware
2019-05-26 00:00:19,921 INFO 9869 [egg-security] use xframe middleware
2019-05-26 00:00:19,921 INFO 9869 [egg-security] use dta middleware
2019-05-26 00:00:19,921 INFO 9869 [egg-security] compose 6 middlewares into one security middleware
2019-05-26 00:00:19,929 INFO 9869 [egg:core] dump config after load, 3ms
2019-05-26 00:00:19,943 INFO 9869 [egg-watcher:application] watcher start success
2019-05-26 00:00:19,944 INFO 9869 [egg-mysql] instance[0] status OK, rds currentTime: Sat May 25 2019 16:00:19 GMT+0800 (GMT+08:00)
2019-05-26 00:00:19,952 INFO 9869 [egg:core] dump config after ready, 5ms
2019-05-26 00:00:21,410 INFO 9880 [egg:logger] init all loggers with options: {"dir":"/home/sue/React-learning-and-work/hello-antd-router/backEnd/logs/demo","encoding":"utf8","env":"local","level":"INFO","consoleLevel":"INFO","disableConsoleAfterReady":false,"outputJSON":true,"buffer":true,"appLogName":"demo-web.log","coreLogName":"egg-web.log","agentLogName":"egg-agent.log","errorLogName":"common-error.log","coreLogger":{"consoleLevel":"WARN"},"allowDebugAtProd":false,"type":"application"}
2019-05-26 00:00:21,435 INFO 9880 [egg-multipart] stream mode enable
2019-05-26 00:00:21,437 INFO 9880 [egg-mysql] connecting root@127.0.0.1:3307/douban
2019-05-26 00:00:21,490 INFO 9880 [egg-static] starting static serve /public/ -> /home/sue/React-learning-and-work/hello-antd-router/backEnd/app/public
2019-05-26 00:00:21,491 INFO 9880 [egg-security] use methodnoallow middleware
2019-05-26 00:00:21,492 INFO 9880 [egg-security] use noopen middleware
2019-05-26 00:00:21,492 INFO 9880 [egg-security] use nosniff middleware
2019-05-26 00:00:21,492 INFO 9880 [egg-security] use xssProtection middleware
2019-05-26 00:00:21,493 INFO 9880 [egg-security] use xframe middleware
2019-05-26 00:00:21,493 INFO 9880 [egg-security] use dta middleware
2019-05-26 00:00:21,493 INFO 9880 [egg-security] compose 6 middlewares into one security middleware
2019-05-26 00:00:21,500 INFO 9880 [egg:core] dump config after load, 4ms
2019-05-26 00:00:21,515 INFO 9880 [egg-watcher:application] watcher start success
2019-05-26 00:00:21,517 INFO 9880 [egg-mysql] instance[0] status OK, rds currentTime: Sat May 25 2019 16:00:21 GMT+0800 (GMT+08:00)
2019-05-26 00:00:21,524 INFO 9880 [egg:core] dump config after ready, 4ms
2019-05-26 00:00:23,467 INFO 9891 [egg:logger] init all loggers with options: {"dir":"/home/sue/React-learning-and-work/hello-antd-router/backEnd/logs/demo","encoding":"utf8","env":"local","level":"INFO","consoleLevel":"INFO","disableConsoleAfterReady":false,"outputJSON":true,"buffer":true,"appLogName":"demo-web.log","coreLogName":"egg-web.log","agentLogName":"egg-agent.log","errorLogName":"common-error.log","coreLogger":{"consoleLevel":"WARN"},"allowDebugAtProd":false,"type":"application"}
2019-05-26 00:00:23,488 INFO 9891 [egg-multipart] stream mode enable
2019-05-26 00:00:23,491 INFO 9891 [egg-mysql] connecting root@127.0.0.1:3307/douban
2019-05-26 00:00:23,544 INFO 9891 [egg-static] starting static serve /public/ -> /home/sue/React-learning-and-work/hello-antd-router/backEnd/app/public
2019-05-26 00:00:23,546 INFO 9891 [egg-security] use methodnoallow middleware
2019-05-26 00:00:23,546 INFO 9891 [egg-security] use noopen middleware
2019-05-26 00:00:23,546 INFO 9891 [egg-security] use nosniff middleware
2019-05-26 00:00:23,547 INFO 9891 [egg-security] use xssProtection middleware
2019-05-26 00:00:23,547 INFO 9891 [egg-security] use xframe middleware
2019-05-26 00:00:23,547 INFO 9891 [egg-security] use dta middleware
2019-05-26 00:00:23,547 INFO 9891 [egg-security] compose 6 middlewares into one security middleware
2019-05-26 00:00:23,555 INFO 9891 [egg:core] dump config after load, 5ms
2019-05-26 00:00:23,570 INFO 9891 [egg-watcher:application] watcher start success
2019-05-26 00:00:23,572 INFO 9891 [egg-mysql] instance[0] status OK, rds currentTime: Sat May 25 2019 16:00:23 GMT+0800 (GMT+08:00)
2019-05-26 00:00:23,579 INFO 9891 [egg:core] dump config after ready, 5ms
2019-05-26 00:00:27,268 INFO 9902 [egg:logger] init all loggers with options: {"dir":"/home/sue/React-learning-and-work/hello-antd-router/backEnd/logs/demo","encoding":"utf8","env":"local","level":"INFO","consoleLevel":"INFO","disableConsoleAfterReady":false,"outputJSON":true,"buffer":true,"appLogName":"demo-web.log","coreLogName":"egg-web.log","agentLogName":"egg-agent.log","errorLogName":"common-error.log","coreLogger":{"consoleLevel":"WARN"},"allowDebugAtProd":false,"type":"application"}
2019-05-26 00:00:27,290 INFO 9902 [egg-multipart] stream mode enable
2019-05-26 00:00:27,292 INFO 9902 [egg-mysql] connecting root@127.0.0.1:3307/douban
2019-05-26 00:00:27,348 INFO 9902 [egg-static] starting static serve /public/ -> /home/sue/React-learning-and-work/hello-antd-router/backEnd/app/public
2019-05-26 00:00:27,350 INFO 9902 [egg-security] use methodnoallow middleware
2019-05-26 00:00:27,350 INFO 9902 [egg-security] use noopen middleware
2019-05-26 00:00:27,351 INFO 9902 [egg-security] use nosniff middleware
2019-05-26 00:00:27,351 INFO 9902 [egg-security] use xssProtection middleware
2019-05-26 00:00:27,351 INFO 9902 [egg-security] use xframe middleware
2019-05-26 00:00:27,351 INFO 9902 [egg-security] use dta middleware
2019-05-26 00:00:27,351 INFO 9902 [egg-security] compose 6 middlewares into one security middleware
2019-05-26 00:00:27,360 INFO 9902 [egg:core] dump config after load, 4ms
2019-05-26 00:00:27,375 INFO 9902 [egg-watcher:application] watcher start success
2019-05-26 00:00:27,376 INFO 9902 [egg-mysql] instance[0] status OK, rds currentTime: Sat May 25 2019 16:00:27 GMT+0800 (GMT+08:00)
2019-05-26 00:00:27,385 INFO 9902 [egg:core] dump config after ready, 6ms
2019-05-26 00:05:43,731 INFO 10113 [egg:logger] init all loggers with options: {"dir":"/home/sue/React-learning-and-work/hello-antd-router/backEnd/logs/demo","encoding":"utf8","env":"local","level":"INFO","consoleLevel":"INFO","disableConsoleAfterReady":false,"outputJSON":true,"buffer":true,"appLogName":"demo-web.log","coreLogName":"egg-web.log","agentLogName":"egg-agent.log","errorLogName":"common-error.log","coreLogger":{"consoleLevel":"WARN"},"allowDebugAtProd":false,"type":"application"}
2019-05-26 00:05:43,755 INFO 10113 [egg-multipart] stream mode enable
2019-05-26 00:05:43,758 INFO 10113 [egg-mysql] connecting root@127.0.0.1:3307/douban
2019-05-26 00:05:43,817 INFO 10113 [egg-static] starting static serve /public/ -> /home/sue/React-learning-and-work/hello-antd-router/backEnd/app/public
2019-05-26 00:05:43,819 INFO 10113 [egg-security] use methodnoallow middleware
2019-05-26 00:05:43,819 INFO 10113 [egg-security] use noopen middleware
2019-05-26 00:05:43,820 INFO 10113 [egg-security] use nosniff middleware
2019-05-26 00:05:43,820 INFO 10113 [egg-security] use xssProtection middleware
2019-05-26 00:05:43,820 INFO 10113 [egg-security] use xframe middleware
2019-05-26 00:05:43,820 INFO 10113 [egg-security] use dta middleware
2019-05-26 00:05:43,820 INFO 10113 [egg-security] compose 6 middlewares into one security middleware
2019-05-26 00:05:43,828 INFO 10113 [egg:core] dump config after load, 4ms
2019-05-26 00:05:43,842 INFO 10113 [egg-watcher:application] watcher start success
2019-05-26 00:05:43,844 INFO 10113 [egg-mysql] instance[0] status OK, rds currentTime: Sat May 25 2019 16:05:43 GMT+0800 (GMT+08:00)
2019-05-26 00:05:43,851 INFO 10113 [egg:core] dump config after ready, 4ms
2019-05-26 00:05:47,299 INFO 10125 [egg:logger] init all loggers with options: {"dir":"/home/sue/React-learning-and-work/hello-antd-router/backEnd/logs/demo","encoding":"utf8","env":"local","level":"INFO","consoleLevel":"INFO","disableConsoleAfterReady":false,"outputJSON":true,"buffer":true,"appLogName":"demo-web.log","coreLogName":"egg-web.log","agentLogName":"egg-agent.log","errorLogName":"common-error.log","coreLogger":{"consoleLevel":"WARN"},"allowDebugAtProd":false,"type":"application"}
2019-05-26 00:05:47,322 INFO 10125 [egg-multipart] stream mode enable
2019-05-26 00:05:47,324 INFO 10125 [egg-mysql] connecting root@127.0.0.1:3307/douban
2019-05-26 00:05:47,379 INFO 10125 [egg-static] starting static serve /public/ -> /home/sue/React-learning-and-work/hello-antd-router/backEnd/app/public
2019-05-26 00:05:47,381 INFO 10125 [egg-security] use methodnoallow middleware
2019-05-26 00:05:47,381 INFO 10125 [egg-security] use noopen middleware
2019-05-26 00:05:47,381 INFO 10125 [egg-security] use nosniff middleware
2019-05-26 00:05:47,382 INFO 10125 [egg-security] use xssProtection middleware
2019-05-26 00:05:47,382 INFO 10125 [egg-security] use xframe middleware
2019-05-26 00:05:47,382 INFO 10125 [egg-security] use dta middleware
2019-05-26 00:05:47,382 INFO 10125 [egg-security] compose 6 middlewares into one security middleware
2019-05-26 00:05:47,390 INFO 10125 [egg:core] dump config after load, 3ms
2019-05-26 00:05:47,404 INFO 10125 [egg-watcher:application] watcher start success
2019-05-26 00:05:47,405 INFO 10125 [egg-mysql] instance[0] status OK, rds currentTime: Sat May 25 2019 16:05:47 GMT+0800 (GMT+08:00)
2019-05-26 00:05:47,415 INFO 10125 [egg:core] dump config after ready, 7ms
2019-05-26 00:09:50,633 INFO 10222 [egg:logger] init all loggers with options: {"dir":"/home/sue/React-learning-and-work/hello-antd-router/backEnd/logs/demo","encoding":"utf8","env":"local","level":"INFO","consoleLevel":"INFO","disableConsoleAfterReady":false,"outputJSON":true,"buffer":true,"appLogName":"demo-web.log","coreLogName":"egg-web.log","agentLogName":"egg-agent.log","errorLogName":"common-error.log","coreLogger":{"consoleLevel":"WARN"},"allowDebugAtProd":false,"type":"application"}
2019-05-26 00:09:50,654 INFO 10222 [egg-multipart] stream mode enable
2019-05-26 00:09:50,657 INFO 10222 [egg-mysql] connecting root@127.0.0.1:3307/douban
2019-05-26 00:09:50,711 INFO 10222 [egg-static] starting static serve /public/ -> /home/sue/React-learning-and-work/hello-antd-router/backEnd/app/public
2019-05-26 00:09:50,712 INFO 10222 [egg-security] use methodnoallow middleware
2019-05-26 00:09:50,713 INFO 10222 [egg-security] use noopen middleware
2019-05-26 00:09:50,713 INFO 10222 [egg-security] use nosniff middleware
2019-05-26 00:09:50,713 INFO 10222 [egg-security] use xssProtection middleware
2019-05-26 00:09:50,714 INFO 10222 [egg-security] use xframe middleware
2019-05-26 00:09:50,714 INFO 10222 [egg-security] use dta middleware
2019-05-26 00:09:50,714 INFO 10222 [egg-security] compose 6 middlewares into one security middleware
2019-05-26 00:09:50,722 INFO 10222 [egg:core] dump config after load, 5ms
2019-05-26 00:09:50,737 INFO 10222 [egg-watcher:application] watcher start success
2019-05-26 00:09:50,738 INFO 10222 [egg-mysql] instance[0] status OK, rds currentTime: Sat May 25 2019 16:09:50 GMT+0800 (GMT+08:00)
2019-05-26 00:09:50,746 INFO 10222 [egg:core] dump config after ready, 5ms
2019-05-26 00:09:53,563 INFO 10233 [egg:logger] init all loggers with options: {"dir":"/home/sue/React-learning-and-work/hello-antd-router/backEnd/logs/demo","encoding":"utf8","env":"local","level":"INFO","consoleLevel":"INFO","disableConsoleAfterReady":false,"outputJSON":true,"buffer":true,"appLogName":"demo-web.log","coreLogName":"egg-web.log","agentLogName":"egg-agent.log","errorLogName":"common-error.log","coreLogger":{"consoleLevel":"WARN"},"allowDebugAtProd":false,"type":"application"}
2019-05-26 00:09:53,584 INFO 10233 [egg-multipart] stream mode enable
2019-05-26 00:09:53,586 INFO 10233 [egg-mysql] connecting root@127.0.0.1:3307/douban
2019-05-26 00:09:53,639 INFO 10233 [egg-static] starting static serve /public/ -> /home/sue/React-learning-and-work/hello-antd-router/backEnd/app/public
2019-05-26 00:09:53,641 INFO 10233 [egg-security] use methodnoallow middleware
2019-05-26 00:09:53,641 INFO 10233 [egg-security] use noopen middleware
2019-05-26 00:09:53,642 INFO 10233 [egg-security] use nosniff middleware
2019-05-26 00:09:53,642 INFO 10233 [egg-security] use xssProtection middleware
2019-05-26 00:09:53,643 INFO 10233 [egg-security] use xframe middleware
2019-05-26 00:09:53,643 INFO 10233 [egg-security] use dta middleware
2019-05-26 00:09:53,643 INFO 10233 [egg-security] compose 6 middlewares into one security middleware
2019-05-26 00:09:53,652 INFO 10233 [egg:core] dump config after load, 4ms
2019-05-26 00:09:53,666 INFO 10233 [egg-watcher:application] watcher start success
2019-05-26 00:09:53,668 INFO 10233 [egg-mysql] instance[0] status OK, rds currentTime: Sat May 25 2019 16:09:53 GMT+0800 (GMT+08:00)
2019-05-26 00:09:53,676 INFO 10233 [egg:core] dump config after ready, 6ms
2019-05-26 00:09:56,293 INFO 10244 [egg:logger] init all loggers with options: {"dir":"/home/sue/React-learning-and-work/hello-antd-router/backEnd/logs/demo","encoding":"utf8","env":"local","level":"INFO","consoleLevel":"INFO","disableConsoleAfterReady":false,"outputJSON":true,"buffer":true,"appLogName":"demo-web.log","coreLogName":"egg-web.log","agentLogName":"egg-agent.log","errorLogName":"common-error.log","coreLogger":{"consoleLevel":"WARN"},"allowDebugAtProd":false,"type":"application"}
2019-05-26 00:09:56,316 INFO 10244 [egg-multipart] stream mode enable
2019-05-26 00:09:56,319 INFO 10244 [egg-mysql] connecting root@127.0.0.1:3307/douban
2019-05-26 00:09:56,372 INFO 10244 [egg-static] starting static serve /public/ -> /home/sue/React-learning-and-work/hello-antd-router/backEnd/app/public
2019-05-26 00:09:56,373 INFO 10244 [egg-security] use methodnoallow middleware
2019-05-26 00:09:56,374 INFO 10244 [egg-security] use noopen middleware
2019-05-26 00:09:56,374 INFO 10244 [egg-security] use nosniff middleware
2019-05-26 00:09:56,374 INFO 10244 [egg-security] use xssProtection middleware
2019-05-26 00:09:56,375 INFO 10244 [egg-security] use xframe middleware
2019-05-26 00:09:56,375 INFO 10244 [egg-security] use dta middleware
2019-05-26 00:09:56,375 INFO 10244 [egg-security] compose 6 middlewares into one security middleware
2019-05-26 00:09:56,383 INFO 10244 [egg:core] dump config after load, 5ms
2019-05-26 00:09:56,398 INFO 10244 [egg-watcher:application] watcher start success
2019-05-26 00:09:56,399 INFO 10244 [egg-mysql] instance[0] status OK, rds currentTime: Sat May 25 2019 16:09:56 GMT+0800 (GMT+08:00)
2019-05-26 00:09:56,410 INFO 10244 [egg:core] dump config after ready, 8ms
2019-05-26 00:09:59,015 INFO 10255 [egg:logger] init all loggers with options: {"dir":"/home/sue/React-learning-and-work/hello-antd-router/backEnd/logs/demo","encoding":"utf8","env":"local","level":"INFO","consoleLevel":"INFO","disableConsoleAfterReady":false,"outputJSON":true,"buffer":true,"appLogName":"demo-web.log","coreLogName":"egg-web.log","agentLogName":"egg-agent.log","errorLogName":"common-error.log","coreLogger":{"consoleLevel":"WARN"},"allowDebugAtProd":false,"type":"application"}
2019-05-26 00:09:59,036 INFO 10255 [egg-multipart] stream mode enable
2019-05-26 00:09:59,039 INFO 10255 [egg-mysql] connecting root@127.0.0.1:3307/douban
2019-05-26 00:09:59,092 INFO 10255 [egg-static] starting static serve /public/ -> /home/sue/React-learning-and-work/hello-antd-router/backEnd/app/public
2019-05-26 00:09:59,094 INFO 10255 [egg-security] use methodnoallow middleware
2019-05-26 00:09:59,094 INFO 10255 [egg-security] use noopen middleware
2019-05-26 00:09:59,095 INFO 10255 [egg-security] use nosniff middleware
2019-05-26 00:09:59,095 INFO 10255 [egg-security] use xssProtection middleware
2019-05-26 00:09:59,095 INFO 10255 [egg-security] use xframe middleware
2019-05-26 00:09:59,095 INFO 10255 [egg-security] use dta middleware
2019-05-26 00:09:59,095 INFO 10255 [egg-security] compose 6 middlewares into one security middleware
2019-05-26 00:09:59,103 INFO 10255 [egg:core] dump config after load, 4ms
2019-05-26 00:09:59,118 INFO 10255 [egg-watcher:application] watcher start success
2019-05-26 00:09:59,120 INFO 10255 [egg-mysql] instance[0] status OK, rds currentTime: Sat May 25 2019 16:09:59 GMT+0800 (GMT+08:00)
2019-05-26 00:09:59,128 INFO 10255 [egg:core] dump config after ready, 5ms
2019-05-26 00:10:09,124 INFO 10271 [egg:logger] init all loggers with options: {"dir":"/home/sue/React-learning-and-work/hello-antd-router/backEnd/logs/demo","encoding":"utf8","env":"local","level":"INFO","consoleLevel":"INFO","disableConsoleAfterReady":false,"outputJSON":true,"buffer":true,"appLogName":"demo-web.log","coreLogName":"egg-web.log","agentLogName":"egg-agent.log","errorLogName":"common-error.log","coreLogger":{"consoleLevel":"WARN"},"allowDebugAtProd":false,"type":"application"}
2019-05-26 00:10:09,145 INFO 10271 [egg-multipart] stream mode enable
2019-05-26 00:10:09,148 INFO 10271 [egg-mysql] connecting root@127.0.0.1:3307/douban
2019-05-26 00:10:09,200 INFO 10271 [egg-static] starting static serve /public/ -> /home/sue/React-learning-and-work/hello-antd-router/backEnd/app/public
2019-05-26 00:10:09,202 INFO 10271 [egg-security] use methodnoallow middleware
2019-05-26 00:10:09,202 INFO 10271 [egg-security] use noopen middleware
2019-05-26 00:10:09,202 INFO 10271 [egg-security] use nosniff middleware
2019-05-26 00:10:09,203 INFO 10271 [egg-security] use xssProtection middleware
2019-05-26 00:10:09,203 INFO 10271 [egg-security] use xframe middleware
2019-05-26 00:10:09,203 INFO 10271 [egg-security] use dta middleware
2019-05-26 00:10:09,203 INFO 10271 [egg-security] compose 6 middlewares into one security middleware
2019-05-26 00:10:09,211 INFO 10271 [egg:core] dump config after load, 3ms
2019-05-26 00:10:09,225 INFO 10271 [egg-watcher:application] watcher start success
2019-05-26 00:10:09,226 INFO 10271 [egg-mysql] instance[0] status OK, rds currentTime: Sat May 25 2019 16:10:09 GMT+0800 (GMT+08:00)
2019-05-26 00:10:09,236 INFO 10271 [egg:core] dump config after ready, 6ms
2019-05-26 00:10:11,628 INFO 10282 [egg:logger] init all loggers with options: {"dir":"/home/sue/React-learning-and-work/hello-antd-router/backEnd/logs/demo","encoding":"utf8","env":"local","level":"INFO","consoleLevel":"INFO","disableConsoleAfterReady":false,"outputJSON":true,"buffer":true,"appLogName":"demo-web.log","coreLogName":"egg-web.log","agentLogName":"egg-agent.log","errorLogName":"common-error.log","coreLogger":{"consoleLevel":"WARN"},"allowDebugAtProd":false,"type":"application"}
2019-05-26 00:10:11,649 INFO 10282 [egg-multipart] stream mode enable
2019-05-26 00:10:11,652 INFO 10282 [egg-mysql] connecting root@127.0.0.1:3307/douban
2019-05-26 00:10:11,707 INFO 10282 [egg-static] starting static serve /public/ -> /home/sue/React-learning-and-work/hello-antd-router/backEnd/app/public
2019-05-26 00:10:11,709 INFO 10282 [egg-security] use methodnoallow middleware
2019-05-26 00:10:11,709 INFO 10282 [egg-security] use noopen middleware
2019-05-26 00:10:11,709 INFO 10282 [egg-security] use nosniff middleware
2019-05-26 00:10:11,709 INFO 10282 [egg-security] use xssProtection middleware
2019-05-26 00:10:11,710 INFO 10282 [egg-security] use xframe middleware
2019-05-26 00:10:11,710 INFO 10282 [egg-security] use dta middleware
2019-05-26 00:10:11,710 INFO 10282 [egg-security] compose 6 middlewares into one security middleware
2019-05-26 00:10:11,718 INFO 10282 [egg:core] dump config after load, 5ms
2019-05-26 00:10:11,733 INFO 10282 [egg-watcher:application] watcher start success
2019-05-26 00:10:11,734 INFO 10282 [egg-mysql] instance[0] status OK, rds currentTime: Sat May 25 2019 16:10:11 GMT+0800 (GMT+08:00)
2019-05-26 00:10:11,742 INFO 10282 [egg:core] dump config after ready, 5ms
2019-05-26 00:10:16,631 INFO 10295 [egg:logger] init all loggers with options: {"dir":"/home/sue/React-learning-and-work/hello-antd-router/backEnd/logs/demo","encoding":"utf8","env":"local","level":"INFO","consoleLevel":"INFO","disableConsoleAfterReady":false,"outputJSON":true,"buffer":true,"appLogName":"demo-web.log","coreLogName":"egg-web.log","agentLogName":"egg-agent.log","errorLogName":"common-error.log","coreLogger":{"consoleLevel":"WARN"},"allowDebugAtProd":false,"type":"application"}
2019-05-26 00:10:16,655 INFO 10295 [egg-multipart] stream mode enable
2019-05-26 00:10:16,658 INFO 10295 [egg-mysql] connecting root@127.0.0.1:3307/douban
2019-05-26 00:10:16,716 INFO 10295 [egg-static] starting static serve /public/ -> /home/sue/React-learning-and-work/hello-antd-router/backEnd/app/public
2019-05-26 00:10:16,718 INFO 10295 [egg-security] use methodnoallow middleware
2019-05-26 00:10:16,719 INFO 10295 [egg-security] use noopen middleware
2019-05-26 00:10:16,719 INFO 10295 [egg-security] use nosniff middleware
2019-05-26 00:10:16,719 INFO 10295 [egg-security] use xssProtection middleware
2019-05-26 00:10:16,719 INFO 10295 [egg-security] use xframe middleware
2019-05-26 00:10:16,720 INFO 10295 [egg-security] use dta middleware
2019-05-26 00:10:16,720 INFO 10295 [egg-security] compose 6 middlewares into one security middleware
2019-05-26 00:10:16,728 INFO 10295 [egg:core] dump config after load, 5ms
2019-05-26 00:10:16,744 INFO 10295 [egg-watcher:application] watcher start success
2019-05-26 00:10:16,745 INFO 10295 [egg-mysql] instance[0] status OK, rds currentTime: Sat May 25 2019 16:10:16 GMT+0800 (GMT+08:00)
2019-05-26 00:10:16,756 INFO 10295 [egg:core] dump config after ready, 7ms
2019-05-26 00:10:20,407 INFO 10306 [egg:logger] init all loggers with options: {"dir":"/home/sue/React-learning-and-work/hello-antd-router/backEnd/logs/demo","encoding":"utf8","env":"local","level":"INFO","consoleLevel":"INFO","disableConsoleAfterReady":false,"outputJSON":true,"buffer":true,"appLogName":"demo-web.log","coreLogName":"egg-web.log","agentLogName":"egg-agent.log","errorLogName":"common-error.log","coreLogger":{"consoleLevel":"WARN"},"allowDebugAtProd":false,"type":"application"}
2019-05-26 00:10:20,428 INFO 10306 [egg-multipart] stream mode enable
2019-05-26 00:10:20,431 INFO 10306 [egg-mysql] connecting root@127.0.0.1:3307/douban
2019-05-26 00:10:20,484 INFO 10306 [egg-static] starting static serve /public/ -> /home/sue/React-learning-and-work/hello-antd-router/backEnd/app/public
2019-05-26 00:10:20,486 INFO 10306 [egg-security] use methodnoallow middleware
2019-05-26 00:10:20,486 INFO 10306 [egg-security] use noopen middleware
2019-05-26 00:10:20,486 INFO 10306 [egg-security] use nosniff middleware
2019-05-26 00:10:20,486 INFO 10306 [egg-security] use xssProtection middleware
2019-05-26 00:10:20,487 INFO 10306 [egg-security] use xframe middleware
2019-05-26 00:10:20,487 INFO 10306 [egg-security] use dta middleware
2019-05-26 00:10:20,487 INFO 10306 [egg-security] compose 6 middlewares into one security middleware
2019-05-26 00:10:20,494 INFO 10306 [egg:core] dump config after load, 4ms
2019-05-26 00:10:20,508 INFO 10306 [egg-watcher:application] watcher start success
2019-05-26 00:10:20,510 INFO 10306 [egg-mysql] instance[0] status OK, rds currentTime: Sat May 25 2019 16:10:20 GMT+0800 (GMT+08:00)
2019-05-26 00:10:20,519 INFO 10306 [egg:core] dump config after ready, 6ms
2019-05-26 00:10:26,017 INFO 10317 [egg:logger] init all loggers with options: {"dir":"/home/sue/React-learning-and-work/hello-antd-router/backEnd/logs/demo","encoding":"utf8","env":"local","level":"INFO","consoleLevel":"INFO","disableConsoleAfterReady":false,"outputJSON":true,"buffer":true,"appLogName":"demo-web.log","coreLogName":"egg-web.log","agentLogName":"egg-agent.log","errorLogName":"common-error.log","coreLogger":{"consoleLevel":"WARN"},"allowDebugAtProd":false,"type":"application"}
2019-05-26 00:10:26,040 INFO 10317 [egg-multipart] stream mode enable
2019-05-26 00:10:26,043 INFO 10317 [egg-mysql] connecting root@127.0.0.1:3307/douban
2019-05-26 00:10:26,101 INFO 10317 [egg-static] starting static serve /public/ -> /home/sue/React-learning-and-work/hello-antd-router/backEnd/app/public
2019-05-26 00:10:26,103 INFO 10317 [egg-security] use methodnoallow middleware
2019-05-26 00:10:26,103 INFO 10317 [egg-security] use noopen middleware
2019-05-26 00:10:26,104 INFO 10317 [egg-security] use nosniff middleware
2019-05-26 00:10:26,104 INFO 10317 [egg-security] use xssProtection middleware
2019-05-26 00:10:26,104 INFO 10317 [egg-security] use xframe middleware
2019-05-26 00:10:26,104 INFO 10317 [egg-security] use dta middleware
2019-05-26 00:10:26,104 INFO 10317 [egg-security] compose 6 middlewares into one security middleware
2019-05-26 00:10:26,114 INFO 10317 [egg:core] dump config after load, 6ms
2019-05-26 00:10:26,132 INFO 10317 [egg-watcher:application] watcher start success
2019-05-26 00:10:26,134 INFO 10317 [egg-mysql] instance[0] status OK, rds currentTime: Sat May 25 2019 16:10:26 GMT+0800 (GMT+08:00)
2019-05-26 00:10:26,143 INFO 10317 [egg:core] dump config after ready, 6ms
2019-05-26 00:10:29,528 INFO 10328 [egg:logger] init all loggers with options: {"dir":"/home/sue/React-learning-and-work/hello-antd-router/backEnd/logs/demo","encoding":"utf8","env":"local","level":"INFO","consoleLevel":"INFO","disableConsoleAfterReady":false,"outputJSON":true,"buffer":true,"appLogName":"demo-web.log","coreLogName":"egg-web.log","agentLogName":"egg-agent.log","errorLogName":"common-error.log","coreLogger":{"consoleLevel":"WARN"},"allowDebugAtProd":false,"type":"application"}
2019-05-26 00:10:29,549 INFO 10328 [egg-multipart] stream mode enable
2019-05-26 00:10:29,552 INFO 10328 [egg-mysql] connecting root@127.0.0.1:3307/douban
2019-05-26 00:10:29,626 INFO 10328 [egg-static] starting static serve /public/ -> /home/sue/React-learning-and-work/hello-antd-router/backEnd/app/public
2019-05-26 00:10:29,627 INFO 10328 [egg-security] use methodnoallow middleware
2019-05-26 00:10:29,628 INFO 10328 [egg-security] use noopen middleware
2019-05-26 00:10:29,628 INFO 10328 [egg-security] use nosniff middleware
2019-05-26 00:10:29,628 INFO 10328 [egg-security] use xssProtection middleware
2019-05-26 00:10:29,629 INFO 10328 [egg-security] use xframe middleware
2019-05-26 00:10:29,629 INFO 10328 [egg-security] use dta middleware
2019-05-26 00:10:29,629 INFO 10328 [egg-security] compose 6 middlewares into one security middleware
2019-05-26 00:10:29,638 INFO 10328 [egg:core] dump config after load, 5ms
2019-05-26 00:10:29,655 INFO 10328 [egg-watcher:application] watcher start success
2019-05-26 00:10:29,657 INFO 10328 [egg-mysql] instance[0] status OK, rds currentTime: Sat May 25 2019 16:10:29 GMT+0800 (GMT+08:00)
2019-05-26 00:10:29,666 INFO 10328 [egg:core] dump config after ready, 7ms
2019-05-26 00:14:26,980 INFO 10470 [egg:logger] init all loggers with options: {"dir":"/home/sue/React-learning-and-work/hello-antd-router/backEnd/logs/demo","encoding":"utf8","env":"local","level":"INFO","consoleLevel":"INFO","disableConsoleAfterReady":false,"outputJSON":true,"buffer":true,"appLogName":"demo-web.log","coreLogName":"egg-web.log","agentLogName":"egg-agent.log","errorLogName":"common-error.log","coreLogger":{"consoleLevel":"WARN"},"allowDebugAtProd":false,"type":"application"}
2019-05-26 00:14:27,003 INFO 10470 [egg-multipart] stream mode enable
2019-05-26 00:14:27,006 INFO 10470 [egg-mysql] connecting root@127.0.0.1:3307/douban
2019-05-26 00:14:27,061 INFO 10470 [egg-static] starting static serve /public/ -> /home/sue/React-learning-and-work/hello-antd-router/backEnd/app/public
2019-05-26 00:14:27,063 INFO 10470 [egg-security] use methodnoallow middleware
2019-05-26 00:14:27,063 INFO 10470 [egg-security] use noopen middleware
2019-05-26 00:14:27,063 INFO 10470 [egg-security] use nosniff middleware
2019-05-26 00:14:27,064 INFO 10470 [egg-security] use xssProtection middleware
2019-05-26 00:14:27,064 INFO 10470 [egg-security] use xframe middleware
2019-05-26 00:14:27,064 INFO 10470 [egg-security] use dta middleware
2019-05-26 00:14:27,064 INFO 10470 [egg-security] compose 6 middlewares into one security middleware
2019-05-26 00:14:27,072 INFO 10470 [egg:core] dump config after load, 4ms
2019-05-26 00:14:27,087 INFO 10470 [egg-watcher:application] watcher start success
2019-05-26 00:14:27,089 INFO 10470 [egg-mysql] instance[0] status OK, rds currentTime: Sat May 25 2019 16:14:27 GMT+0800 (GMT+08:00)
2019-05-26 00:14:27,099 INFO 10470 [egg:core] dump config after ready, 7ms
2019-05-26 09:19:45,789 INFO 5004 [egg:logger] init all loggers with options: {"dir":"/home/sue/React-learning-and-work/hello-antd-router/backEnd/logs/demo","encoding":"utf8","env":"local","level":"INFO","consoleLevel":"INFO","disableConsoleAfterReady":false,"outputJSON":true,"buffer":true,"appLogName":"demo-web.log","coreLogName":"egg-web.log","agentLogName":"egg-agent.log","errorLogName":"common-error.log","coreLogger":{"consoleLevel":"WARN"},"allowDebugAtProd":false,"type":"application"}
2019-05-26 09:19:45,813 INFO 5004 [egg-multipart] stream mode enable
2019-05-26 09:19:45,939 INFO 5004 [egg-mysql] connecting root@127.0.0.1:3307/douban
2019-05-26 09:19:48,710 INFO 5004 [egg-static] starting static serve /public/ -> /home/sue/React-learning-and-work/hello-antd-router/backEnd/app/public
2019-05-26 09:19:48,736 INFO 5004 [egg-security] use methodnoallow middleware
2019-05-26 09:19:48,770 INFO 5004 [egg-security] use noopen middleware
2019-05-26 09:19:48,805 INFO 5004 [egg-security] use nosniff middleware
2019-05-26 09:19:48,832 INFO 5004 [egg-security] use xssProtection middleware
2019-05-26 09:19:48,846 INFO 5004 [egg-security] use xframe middleware
2019-05-26 09:19:48,855 INFO 5004 [egg-security] use dta middleware
2019-05-26 09:19:48,855 INFO 5004 [egg-security] compose 6 middlewares into one security middleware
2019-05-26 09:19:48,916 INFO 5004 [egg:core] dump config after load, 9ms
2019-05-26 09:19:48,936 INFO 5004 [egg-watcher:application] watcher start success
2019-05-26 09:19:49,035 INFO 5004 [egg-mysql] instance[0] status OK, rds currentTime: Sun May 26 2019 01:19:48 GMT+0800 (GMT+08:00)
2019-05-26 09:19:49,056 INFO 5004 [egg:core] dump config after ready, 15ms
2019-05-26 09:34:57,033 INFO 6906 [egg:logger] init all loggers with options: {"dir":"/home/sue/React-learning-and-work/hello-antd-router/backEnd/logs/demo","encoding":"utf8","env":"local","level":"INFO","consoleLevel":"INFO","disableConsoleAfterReady":false,"outputJSON":true,"buffer":true,"appLogName":"demo-web.log","coreLogName":"egg-web.log","agentLogName":"egg-agent.log","errorLogName":"common-error.log","coreLogger":{"consoleLevel":"WARN"},"allowDebugAtProd":false,"type":"application"}
2019-05-26 09:34:57,054 INFO 6906 [egg-multipart] stream mode enable
2019-05-26 09:34:57,056 INFO 6906 [egg-mysql] connecting root@127.0.0.1:3307/douban
2019-05-26 09:34:57,111 INFO 6906 [egg-static] starting static serve /public/ -> /home/sue/React-learning-and-work/hello-antd-router/backEnd/app/public
2019-05-26 09:34:57,112 INFO 6906 [egg-security] use methodnoallow middleware
2019-05-26 09:34:57,113 INFO 6906 [egg-security] use noopen middleware
2019-05-26 09:34:57,113 INFO 6906 [egg-security] use nosniff middleware
2019-05-26 09:34:57,113 INFO 6906 [egg-security] use xssProtection middleware
2019-05-26 09:34:57,113 INFO 6906 [egg-security] use xframe middleware
2019-05-26 09:34:57,114 INFO 6906 [egg-security] use dta middleware
2019-05-26 09:34:57,114 INFO 6906 [egg-security] compose 6 middlewares into one security middleware
2019-05-26 09:34:57,122 INFO 6906 [egg:core] dump config after load, 4ms
2019-05-26 09:34:57,136 INFO 6906 [egg-watcher:application] watcher start success
2019-05-26 09:34:57,138 INFO 6906 [egg-mysql] instance[0] status OK, rds currentTime: Sun May 26 2019 01:34:57 GMT+0800 (GMT+08:00)
2019-05-26 09:34:57,145 INFO 6906 [egg:core] dump config after ready, 5ms
2019-05-26 09:35:07,711 INFO 6926 [egg:logger] init all loggers with options: {"dir":"/home/sue/React-learning-and-work/hello-antd-router/backEnd/logs/demo","encoding":"utf8","env":"local","level":"INFO","consoleLevel":"INFO","disableConsoleAfterReady":false,"outputJSON":true,"buffer":true,"appLogName":"demo-web.log","coreLogName":"egg-web.log","agentLogName":"egg-agent.log","errorLogName":"common-error.log","coreLogger":{"consoleLevel":"WARN"},"allowDebugAtProd":false,"type":"application"}
2019-05-26 09:35:07,738 INFO 6926 [egg-multipart] stream mode enable
2019-05-26 09:35:07,741 INFO 6926 [egg-mysql] connecting root@127.0.0.1:3307/douban
2019-05-26 09:35:07,804 INFO 6926 [egg-static] starting static serve /public/ -> /home/sue/React-learning-and-work/hello-antd-router/backEnd/app/public
2019-05-26 09:35:07,806 INFO 6926 [egg-security] use methodnoallow middleware
2019-05-26 09:35:07,806 INFO 6926 [egg-security] use noopen middleware
2019-05-26 09:35:07,807 INFO 6926 [egg-security] use nosniff middleware
2019-05-26 09:35:07,807 INFO 6926 [egg-security] use xssProtection middleware
2019-05-26 09:35:07,807 INFO 6926 [egg-security] use xframe middleware
2019-05-26 09:35:07,808 INFO 6926 [egg-security] use dta middleware
2019-05-26 09:35:07,808 INFO 6926 [egg-security] compose 6 middlewares into one security middleware
2019-05-26 09:35:07,815 INFO 6926 [egg:core] dump config after load, 4ms
2019-05-26 09:35:07,831 INFO 6926 [egg-watcher:application] watcher start success
2019-05-26 09:35:07,833 INFO 6926 [egg-mysql] instance[0] status OK, rds currentTime: Sun May 26 2019 01:35:07 GMT+0800 (GMT+08:00)
2019-05-26 09:35:07,843 INFO 6926 [egg:core] dump config after ready, 6ms
2019-05-26 09:35:23,282 INFO 6941 [egg:logger] init all loggers with options: {"dir":"/home/sue/React-learning-and-work/hello-antd-router/backEnd/logs/demo","encoding":"utf8","env":"local","level":"INFO","consoleLevel":"INFO","disableConsoleAfterReady":false,"outputJSON":true,"buffer":true,"appLogName":"demo-web.log","coreLogName":"egg-web.log","agentLogName":"egg-agent.log","errorLogName":"common-error.log","coreLogger":{"consoleLevel":"WARN"},"allowDebugAtProd":false,"type":"application"}
2019-05-26 09:35:23,316 INFO 6941 [egg-multipart] stream mode enable
2019-05-26 09:35:23,321 INFO 6941 [egg-mysql] connecting root@127.0.0.1:3307/douban
2019-05-26 09:35:23,381 INFO 6941 [egg-static] starting static serve /public/ -> /home/sue/React-learning-and-work/hello-antd-router/backEnd/app/public
2019-05-26 09:35:23,382 INFO 6941 [egg-security] use methodnoallow middleware
2019-05-26 09:35:23,383 INFO 6941 [egg-security] use noopen middleware
2019-05-26 09:35:23,383 INFO 6941 [egg-security] use nosniff middleware
2019-05-26 09:35:23,383 INFO 6941 [egg-security] use xssProtection middleware
2019-05-26 09:35:23,383 INFO 6941 [egg-security] use xframe middleware
2019-05-26 09:35:23,384 INFO 6941 [egg-security] use dta middleware
2019-05-26 09:35:23,384 INFO 6941 [egg-security] compose 6 middlewares into one security middleware
2019-05-26 09:35:23,392 INFO 6941 [egg:core] dump config after load, 5ms
2019-05-26 09:35:23,408 INFO 6941 [egg-watcher:application] watcher start success
2019-05-26 09:35:23,410 INFO 6941 [egg-mysql] instance[0] status OK, rds currentTime: Sun May 26 2019 01:35:23 GMT+0800 (GMT+08:00)
2019-05-26 09:35:23,417 INFO 6941 [egg:core] dump config after ready, 5ms
2019-05-26 09:35:37,879 INFO 6959 [egg:logger] init all loggers with options: {"dir":"/home/sue/React-learning-and-work/hello-antd-router/backEnd/logs/demo","encoding":"utf8","env":"local","level":"INFO","consoleLevel":"INFO","disableConsoleAfterReady":false,"outputJSON":true,"buffer":true,"appLogName":"demo-web.log","coreLogName":"egg-web.log","agentLogName":"egg-agent.log","errorLogName":"common-error.log","coreLogger":{"consoleLevel":"WARN"},"allowDebugAtProd":false,"type":"application"}
2019-05-26 09:35:37,902 INFO 6959 [egg-multipart] stream mode enable
2019-05-26 09:35:37,904 INFO 6959 [egg-mysql] connecting root@127.0.0.1:3307/douban
2019-05-26 09:35:37,961 INFO 6959 [egg-static] starting static serve /public/ -> /home/sue/React-learning-and-work/hello-antd-router/backEnd/app/public
2019-05-26 09:35:37,962 INFO 6959 [egg-security] use methodnoallow middleware
2019-05-26 09:35:37,963 INFO 6959 [egg-security] use noopen middleware
2019-05-26 09:35:37,963 INFO 6959 [egg-security] use nosniff middleware
2019-05-26 09:35:37,963 INFO 6959 [egg-security] use xssProtection middleware
2019-05-26 09:35:37,964 INFO 6959 [egg-security] use xframe middleware
2019-05-26 09:35:37,964 INFO 6959 [egg-security] use dta middleware
2019-05-26 09:35:37,964 INFO 6959 [egg-security] compose 6 middlewares into one security middleware
2019-05-26 09:35:37,972 INFO 6959 [egg:core] dump config after load, 4ms
2019-05-26 09:35:37,989 INFO 6959 [egg-watcher:application] watcher start success
2019-05-26 09:35:37,990 INFO 6959 [egg-mysql] instance[0] status OK, rds currentTime: Sun May 26 2019 01:35:37 GMT+0800 (GMT+08:00)
2019-05-26 09:35:37,999 INFO 6959 [egg:core] dump config after ready, 6ms
2019-05-26 09:35:49,161 INFO 6981 [egg:logger] init all loggers with options: {"dir":"/home/sue/React-learning-and-work/hello-antd-router/backEnd/logs/demo","encoding":"utf8","env":"local","level":"INFO","consoleLevel":"INFO","disableConsoleAfterReady":false,"outputJSON":true,"buffer":true,"appLogName":"demo-web.log","coreLogName":"egg-web.log","agentLogName":"egg-agent.log","errorLogName":"common-error.log","coreLogger":{"consoleLevel":"WARN"},"allowDebugAtProd":false,"type":"application"}
2019-05-26 09:35:49,185 INFO 6981 [egg-multipart] stream mode enable
2019-05-26 09:35:49,188 INFO 6981 [egg-mysql] connecting root@127.0.0.1:3307/douban
2019-05-26 09:35:49,243 INFO 6981 [egg-static] starting static serve /public/ -> /home/sue/React-learning-and-work/hello-antd-router/backEnd/app/public
2019-05-26 09:35:49,245 INFO 6981 [egg-security] use methodnoallow middleware
2019-05-26 09:35:49,245 INFO 6981 [egg-security] use noopen middleware
2019-05-26 09:35:49,245 INFO 6981 [egg-security] use nosniff middleware
2019-05-26 09:35:49,246 INFO 6981 [egg-security] use xssProtection middleware
2019-05-26 09:35:49,246 INFO 6981 [egg-security] use xframe middleware
2019-05-26 09:35:49,246 INFO 6981 [egg-security] use dta middleware
2019-05-26 09:35:49,246 INFO 6981 [egg-security] compose 6 middlewares into one security middleware
2019-05-26 09:35:49,254 INFO 6981 [egg:core] dump config after load, 5ms
2019-05-26 09:35:49,269 INFO 6981 [egg-watcher:application] watcher start success
2019-05-26 09:35:49,270 INFO 6981 [egg-mysql] instance[0] status OK, rds currentTime: Sun May 26 2019 01:35:49 GMT+0800 (GMT+08:00)
2019-05-26 09:35:49,279 INFO 6981 [egg:core] dump config after ready, 6ms
2019-05-26 09:35:50,888 INFO 6992 [egg:logger] init all loggers with options: {"dir":"/home/sue/React-learning-and-work/hello-antd-router/backEnd/logs/demo","encoding":"utf8","env":"local","level":"INFO","consoleLevel":"INFO","disableConsoleAfterReady":false,"outputJSON":true,"buffer":true,"appLogName":"demo-web.log","coreLogName":"egg-web.log","agentLogName":"egg-agent.log","errorLogName":"common-error.log","coreLogger":{"consoleLevel":"WARN"},"allowDebugAtProd":false,"type":"application"}
2019-05-26 09:35:50,922 INFO 6992 [egg-multipart] stream mode enable
2019-05-26 09:35:50,926 INFO 6992 [egg-mysql] connecting root@127.0.0.1:3307/douban
2019-05-26 09:35:50,990 INFO 6992 [egg-static] starting static serve /public/ -> /home/sue/React-learning-and-work/hello-antd-router/backEnd/app/public
2019-05-26 09:35:50,992 INFO 6992 [egg-security] use methodnoallow middleware
2019-05-26 09:35:50,993 INFO 6992 [egg-security] use noopen middleware
2019-05-26 09:35:50,993 INFO 6992 [egg-security] use nosniff middleware
2019-05-26 09:35:50,993 INFO 6992 [egg-security] use xssProtection middleware
2019-05-26 09:35:50,994 INFO 6992 [egg-security] use xframe middleware
2019-05-26 09:35:50,994 INFO 6992 [egg-security] use dta middleware
2019-05-26 09:35:50,994 INFO 6992 [egg-security] compose 6 middlewares into one security middleware
2019-05-26 09:35:51,002 INFO 6992 [egg:core] dump config after load, 4ms
2019-05-26 09:35:51,018 INFO 6992 [egg-watcher:application] watcher start success
2019-05-26 09:35:51,019 INFO 6992 [egg-mysql] instance[0] status OK, rds currentTime: Sun May 26 2019 01:35:51 GMT+0800 (GMT+08:00)
2019-05-26 09:35:51,029 INFO 6992 [egg:core] dump config after ready, 7ms
2019-05-26 09:42:15,736 INFO 7187 [egg:logger] init all loggers with options: {"dir":"/home/sue/React-learning-and-work/hello-antd-router/backEnd/logs/demo","encoding":"utf8","env":"local","level":"INFO","consoleLevel":"INFO","disableConsoleAfterReady":false,"outputJSON":true,"buffer":true,"appLogName":"demo-web.log","coreLogName":"egg-web.log","agentLogName":"egg-agent.log","errorLogName":"common-error.log","coreLogger":{"consoleLevel":"WARN"},"allowDebugAtProd":false,"type":"application"}
2019-05-26 09:42:15,774 INFO 7187 [egg-multipart] stream mode enable
2019-05-26 09:42:15,779 INFO 7187 [egg-mysql] connecting root@127.0.0.1:3307/douban
2019-05-26 09:42:15,882 INFO 7187 [egg-static] starting static serve /public/ -> /home/sue/React-learning-and-work/hello-antd-router/backEnd/app/public
2019-05-26 09:42:15,888 INFO 7187 [egg-security] use methodnoallow middleware
2019-05-26 09:42:15,888 INFO 7187 [egg-security] use noopen middleware
2019-05-26 09:42:15,893 INFO 7187 [egg-security] use nosniff middleware
2019-05-26 09:42:15,893 INFO 7187 [egg-security] use xssProtection middleware
2019-05-26 09:42:15,894 INFO 7187 [egg-security] use xframe middleware
2019-05-26 09:42:15,894 INFO 7187 [egg-security] use dta middleware
2019-05-26 09:42:15,894 INFO 7187 [egg-security] compose 6 middlewares into one security middleware
2019-05-26 09:42:15,909 INFO 7187 [egg:core] dump config after load, 9ms
2019-05-26 09:42:15,949 INFO 7187 [egg-watcher:application] watcher start success
2019-05-26 09:42:15,952 INFO 7187 [egg-mysql] instance[0] status OK, rds currentTime: Sun May 26 2019 01:42:15 GMT+0800 (GMT+08:00)
2019-05-26 09:42:15,987 INFO 7187 [egg:core] dump config after ready, 13ms
2019-05-26 09:42:53,056 INFO 7215 [egg:logger] init all loggers with options: {"dir":"/home/sue/React-learning-and-work/hello-antd-router/backEnd/logs/demo","encoding":"utf8","env":"local","level":"INFO","consoleLevel":"INFO","disableConsoleAfterReady":false,"outputJSON":true,"buffer":true,"appLogName":"demo-web.log","coreLogName":"egg-web.log","agentLogName":"egg-agent.log","errorLogName":"common-error.log","coreLogger":{"consoleLevel":"WARN"},"allowDebugAtProd":false,"type":"application"}
2019-05-26 09:42:53,085 INFO 7215 [egg-multipart] stream mode enable
2019-05-26 09:42:53,088 INFO 7215 [egg-mysql] connecting root@127.0.0.1:3307/douban
2019-05-26 09:42:53,174 INFO 7215 [egg-static] starting static serve /public/ -> /home/sue/React-learning-and-work/hello-antd-router/backEnd/app/public
2019-05-26 09:42:53,177 INFO 7215 [egg-security] use methodnoallow middleware
2019-05-26 09:42:53,177 INFO 7215 [egg-security] use noopen middleware
2019-05-26 09:42:53,177 INFO 7215 [egg-security] use nosniff middleware
2019-05-26 09:42:53,178 INFO 7215 [egg-security] use xssProtection middleware
2019-05-26 09:42:53,178 INFO 7215 [egg-security] use xframe middleware
2019-05-26 09:42:53,178 INFO 7215 [egg-security] use dta middleware
2019-05-26 09:42:53,178 INFO 7215 [egg-security] compose 6 middlewares into one security middleware
2019-05-26 09:42:53,189 INFO 7215 [egg:core] dump config after load, 6ms
2019-05-26 09:42:53,209 INFO 7215 [egg-watcher:application] watcher start success
2019-05-26 09:42:53,212 INFO 7215 [egg-mysql] instance[0] status OK, rds currentTime: Sun May 26 2019 01:42:53 GMT+0800 (GMT+08:00)
2019-05-26 09:42:53,234 INFO 7215 [egg:core] dump config after ready, 17ms
2019-05-26 09:42:55,555 INFO 7226 [egg:logger] init all loggers with options: {"dir":"/home/sue/React-learning-and-work/hello-antd-router/backEnd/logs/demo","encoding":"utf8","env":"local","level":"INFO","consoleLevel":"INFO","disableConsoleAfterReady":false,"outputJSON":true,"buffer":true,"appLogName":"demo-web.log","coreLogName":"egg-web.log","agentLogName":"egg-agent.log","errorLogName":"common-error.log","coreLogger":{"consoleLevel":"WARN"},"allowDebugAtProd":false,"type":"application"}
2019-05-26 09:42:55,579 INFO 7226 [egg-multipart] stream mode enable
2019-05-26 09:42:55,581 INFO 7226 [egg-mysql] connecting root@127.0.0.1:3307/douban
2019-05-26 09:42:55,636 INFO 7226 [egg-static] starting static serve /public/ -> /home/sue/React-learning-and-work/hello-antd-router/backEnd/app/public
2019-05-26 09:42:55,638 INFO 7226 [egg-security] use methodnoallow middleware
2019-05-26 09:42:55,639 INFO 7226 [egg-security] use noopen middleware
2019-05-26 09:42:55,639 INFO 7226 [egg-security] use nosniff middleware
2019-05-26 09:42:55,639 INFO 7226 [egg-security] use xssProtection middleware
2019-05-26 09:42:55,640 INFO 7226 [egg-security] use xframe middleware
2019-05-26 09:42:55,640 INFO 7226 [egg-security] use dta middleware
2019-05-26 09:42:55,640 INFO 7226 [egg-security] compose 6 middlewares into one security middleware
2019-05-26 09:42:55,648 INFO 7226 [egg:core] dump config after load, 4ms
2019-05-26 09:42:55,663 INFO 7226 [egg-watcher:application] watcher start success
2019-05-26 09:42:55,665 INFO 7226 [egg-mysql] instance[0] status OK, rds currentTime: Sun May 26 2019 01:42:55 GMT+0800 (GMT+08:00)
2019-05-26 09:42:55,672 INFO 7226 [egg:core] dump config after ready, 5ms
2019-05-26 09:42:57,859 INFO 7240 [egg:logger] init all loggers with options: {"dir":"/home/sue/React-learning-and-work/hello-antd-router/backEnd/logs/demo","encoding":"utf8","env":"local","level":"INFO","consoleLevel":"INFO","disableConsoleAfterReady":false,"outputJSON":true,"buffer":true,"appLogName":"demo-web.log","coreLogName":"egg-web.log","agentLogName":"egg-agent.log","errorLogName":"common-error.log","coreLogger":{"consoleLevel":"WARN"},"allowDebugAtProd":false,"type":"application"}
2019-05-26 09:42:57,889 INFO 7240 [egg-multipart] stream mode enable
2019-05-26 09:42:57,892 INFO 7240 [egg-mysql] connecting root@127.0.0.1:3307/douban
2019-05-26 09:42:57,950 INFO 7240 [egg-static] starting static serve /public/ -> /home/sue/React-learning-and-work/hello-antd-router/backEnd/app/public
2019-05-26 09:42:57,952 INFO 7240 [egg-security] use methodnoallow middleware
2019-05-26 09:42:57,952 INFO 7240 [egg-security] use noopen middleware
2019-05-26 09:42:57,953 INFO 7240 [egg-security] use nosniff middleware
2019-05-26 09:42:57,953 INFO 7240 [egg-security] use xssProtection middleware
2019-05-26 09:42:57,953 INFO 7240 [egg-security] use xframe middleware
2019-05-26 09:42:57,954 INFO 7240 [egg-security] use dta middleware
2019-05-26 09:42:57,954 INFO 7240 [egg-security] compose 6 middlewares into one security middleware
2019-05-26 09:42:57,962 INFO 7240 [egg:core] dump config after load, 5ms
2019-05-26 09:42:57,979 INFO 7240 [egg-watcher:application] watcher start success
2019-05-26 09:42:57,980 INFO 7240 [egg-mysql] instance[0] status OK, rds currentTime: Sun May 26 2019 01:42:57 GMT+0800 (GMT+08:00)
2019-05-26 09:42:57,989 INFO 7240 [egg:core] dump config after ready, 6ms
2019-05-26 09:45:03,018 INFO 7305 [egg:logger] init all loggers with options: {"dir":"/home/sue/React-learning-and-work/hello-antd-router/backEnd/logs/demo","encoding":"utf8","env":"local","level":"INFO","consoleLevel":"INFO","disableConsoleAfterReady":false,"outputJSON":true,"buffer":true,"appLogName":"demo-web.log","coreLogName":"egg-web.log","agentLogName":"egg-agent.log","errorLogName":"common-error.log","coreLogger":{"consoleLevel":"WARN"},"allowDebugAtProd":false,"type":"application"}
2019-05-26 09:45:03,039 INFO 7305 [egg-multipart] stream mode enable
2019-05-26 09:45:03,041 INFO 7305 [egg-mysql] connecting root@127.0.0.1:3307/douban
2019-05-26 09:45:03,094 INFO 7305 [egg-static] starting static serve /public/ -> /home/sue/React-learning-and-work/hello-antd-router/backEnd/app/public
2019-05-26 09:45:03,095 INFO 7305 [egg-security] use methodnoallow middleware
2019-05-26 09:45:03,096 INFO 7305 [egg-security] use noopen middleware
2019-05-26 09:45:03,096 INFO 7305 [egg-security] use nosniff middleware
2019-05-26 09:45:03,096 INFO 7305 [egg-security] use xssProtection middleware
2019-05-26 09:45:03,097 INFO 7305 [egg-security] use xframe middleware
2019-05-26 09:45:03,097 INFO 7305 [egg-security] use dta middleware
2019-05-26 09:45:03,097 INFO 7305 [egg-security] compose 6 middlewares into one security middleware
2019-05-26 09:45:03,105 INFO 7305 [egg:core] dump config after load, 5ms
2019-05-26 09:45:03,119 INFO 7305 [egg-watcher:application] watcher start success
2019-05-26 09:45:03,121 INFO 7305 [egg-mysql] instance[0] status OK, rds currentTime: Sun May 26 2019 01:45:03 GMT+0800 (GMT+08:00)
2019-05-26 09:45:03,129 INFO 7305 [egg:core] dump config after ready, 6ms
2019-05-26 09:45:05,056 INFO 7316 [egg:logger] init all loggers with options: {"dir":"/home/sue/React-learning-and-work/hello-antd-router/backEnd/logs/demo","encoding":"utf8","env":"local","level":"INFO","consoleLevel":"INFO","disableConsoleAfterReady":false,"outputJSON":true,"buffer":true,"appLogName":"demo-web.log","coreLogName":"egg-web.log","agentLogName":"egg-agent.log","errorLogName":"common-error.log","coreLogger":{"consoleLevel":"WARN"},"allowDebugAtProd":false,"type":"application"}
2019-05-26 09:45:05,080 INFO 7316 [egg-multipart] stream mode enable
2019-05-26 09:45:05,083 INFO 7316 [egg-mysql] connecting root@127.0.0.1:3307/douban
2019-05-26 09:45:05,147 INFO 7316 [egg-static] starting static serve /public/ -> /home/sue/React-learning-and-work/hello-antd-router/backEnd/app/public
2019-05-26 09:45:05,149 INFO 7316 [egg-security] use methodnoallow middleware
2019-05-26 09:45:05,149 INFO 7316 [egg-security] use noopen middleware
2019-05-26 09:45:05,149 INFO 7316 [egg-security] use nosniff middleware
2019-05-26 09:45:05,150 INFO 7316 [egg-security] use xssProtection middleware
2019-05-26 09:45:05,150 INFO 7316 [egg-security] use xframe middleware
2019-05-26 09:45:05,150 INFO 7316 [egg-security] use dta middleware
2019-05-26 09:45:05,150 INFO 7316 [egg-security] compose 6 middlewares into one security middleware
2019-05-26 09:45:05,159 INFO 7316 [egg:core] dump config after load, 5ms
2019-05-26 09:45:05,176 INFO 7316 [egg-watcher:application] watcher start success
2019-05-26 09:45:05,177 INFO 7316 [egg-mysql] instance[0] status OK, rds currentTime: Sun May 26 2019 01:45:05 GMT+0800 (GMT+08:00)
2019-05-26 09:45:05,188 INFO 7316 [egg:core] dump config after ready, 7ms
2019-05-26 12:34:19,475 INFO 22773 [egg:logger] init all loggers with options: {"dir":"/home/sue/React-learning-and-work/hello-antd-router-auth/backEnd/logs/demo","encoding":"utf8","env":"local","level":"INFO","consoleLevel":"INFO","disableConsoleAfterReady":false,"outputJSON":true,"buffer":true,"appLogName":"demo-web.log","coreLogName":"egg-web.log","agentLogName":"egg-agent.log","errorLogName":"common-error.log","coreLogger":{"consoleLevel":"WARN"},"allowDebugAtProd":false,"type":"application"}
2019-05-26 12:34:19,528 INFO 22773 [egg-multipart] stream mode enable
2019-05-26 12:34:19,550 INFO 22773 [egg-mysql] connecting root@127.0.0.1:3307/douban
2019-05-26 12:34:19,937 INFO 22773 [egg-static] starting static serve /public/ -> /home/sue/React-learning-and-work/hello-antd-router-auth/backEnd/app/public
2019-05-26 12:34:19,941 INFO 22773 [egg-security] use methodnoallow middleware
2019-05-26 12:34:19,942 INFO 22773 [egg-security] use noopen middleware
2019-05-26 12:34:19,942 INFO 22773 [egg-security] use nosniff middleware
2019-05-26 12:34:19,943 INFO 22773 [egg-security] use xssProtection middleware
2019-05-26 12:34:19,943 INFO 22773 [egg-security] use xframe middleware
2019-05-26 12:34:19,944 INFO 22773 [egg-security] use dta middleware
2019-05-26 12:34:19,944 INFO 22773 [egg-security] compose 6 middlewares into one security middleware
2019-05-26 12:34:20,053 INFO 22773 [egg:core] dump config after load, 6ms
2019-05-26 12:34:20,075 INFO 22773 [egg-mysql] instance[0] status OK, rds currentTime: Sun May 26 2019 04:34:20 GMT+0800 (GMT+08:00)
2019-05-26 12:34:20,077 INFO 22773 [egg-watcher:application] watcher start success
2019-05-26 12:34:20,100 INFO 22773 [egg:core] dump config after ready, 16ms
