2019-05-26 00:00:06,873 INFO 9830 [Job#15588000068728218964125059132] /home/sue/React-learning-and-work/hello-antd-router/backEnd/app/schedule/update_cache.js executing by app
2019-05-26 00:00:06,874 INFO 9830 [Job#15588000068728218964125059132] /home/sue/React-learning-and-work/hello-antd-router/backEnd/app/schedule/update_cache.js execute succeed, used 1ms
2019-05-26 00:00:06,873 INFO 4592 [Timer] /home/sue/React-learning-and-work/hello-antd-router/backEnd/app/schedule/update_cache.js next time will execute after 60000ms at 2019-05-26 00:01:06.872
2019-05-26 00:00:17,446 INFO 9858 [egg-schedule]: register schedule /home/sue/React-learning-and-work/hello-antd-router/backEnd/node_modules/_egg-multipart@2.7.1@egg-multipart/app/schedule/clean_tmpdir.js
2019-05-26 00:00:17,446 INFO 9858 [egg-schedule]: register schedule /home/sue/React-learning-and-work/hello-antd-router/backEnd/node_modules/_egg-logrotator@3.1.0@egg-logrotator/app/schedule/clean_log.js
2019-05-26 00:00:17,446 INFO 9858 [egg-schedule]: register schedule /home/sue/React-learning-and-work/hello-antd-router/backEnd/node_modules/_egg-logrotator@3.1.0@egg-logrotator/app/schedule/rotate_by_file.js
2019-05-26 00:00:17,446 INFO 9858 [egg-schedule]: register schedule /home/sue/React-learning-and-work/hello-antd-router/backEnd/app/schedule/update_cache.js
2019-05-26 00:00:19,857 INFO 9869 [egg-schedule]: register schedule /home/sue/React-learning-and-work/hello-antd-router/backEnd/node_modules/_egg-multipart@2.7.1@egg-multipart/app/schedule/clean_tmpdir.js
2019-05-26 00:00:19,857 INFO 9869 [egg-schedule]: register schedule /home/sue/React-learning-and-work/hello-antd-router/backEnd/node_modules/_egg-logrotator@3.1.0@egg-logrotator/app/schedule/clean_log.js
2019-05-26 00:00:19,857 INFO 9869 [egg-schedule]: register schedule /home/sue/React-learning-and-work/hello-antd-router/backEnd/node_modules/_egg-logrotator@3.1.0@egg-logrotator/app/schedule/rotate_by_file.js
2019-05-26 00:00:19,857 INFO 9869 [egg-schedule]: register schedule /home/sue/React-learning-and-work/hello-antd-router/backEnd/app/schedule/update_cache.js
2019-05-26 00:00:21,434 INFO 9880 [egg-schedule]: register schedule /home/sue/React-learning-and-work/hello-antd-router/backEnd/node_modules/_egg-multipart@2.7.1@egg-multipart/app/schedule/clean_tmpdir.js
2019-05-26 00:00:21,434 INFO 9880 [egg-schedule]: register schedule /home/sue/React-learning-and-work/hello-antd-router/backEnd/node_modules/_egg-logrotator@3.1.0@egg-logrotator/app/schedule/clean_log.js
2019-05-26 00:00:21,434 INFO 9880 [egg-schedule]: register schedule /home/sue/React-learning-and-work/hello-antd-router/backEnd/node_modules/_egg-logrotator@3.1.0@egg-logrotator/app/schedule/rotate_by_file.js
2019-05-26 00:00:21,434 INFO 9880 [egg-schedule]: register schedule /home/sue/React-learning-and-work/hello-antd-router/backEnd/app/schedule/update_cache.js
2019-05-26 00:00:23,488 INFO 9891 [egg-schedule]: register schedule /home/sue/React-learning-and-work/hello-antd-router/backEnd/node_modules/_egg-multipart@2.7.1@egg-multipart/app/schedule/clean_tmpdir.js
2019-05-26 00:00:23,488 INFO 9891 [egg-schedule]: register schedule /home/sue/React-learning-and-work/hello-antd-router/backEnd/node_modules/_egg-logrotator@3.1.0@egg-logrotator/app/schedule/clean_log.js
2019-05-26 00:00:23,488 INFO 9891 [egg-schedule]: register schedule /home/sue/React-learning-and-work/hello-antd-router/backEnd/node_modules/_egg-logrotator@3.1.0@egg-logrotator/app/schedule/rotate_by_file.js
2019-05-26 00:00:23,488 INFO 9891 [egg-schedule]: register schedule /home/sue/React-learning-and-work/hello-antd-router/backEnd/app/schedule/update_cache.js
2019-05-26 00:00:27,289 INFO 9902 [egg-schedule]: register schedule /home/sue/React-learning-and-work/hello-antd-router/backEnd/node_modules/_egg-multipart@2.7.1@egg-multipart/app/schedule/clean_tmpdir.js
2019-05-26 00:00:27,289 INFO 9902 [egg-schedule]: register schedule /home/sue/React-learning-and-work/hello-antd-router/backEnd/node_modules/_egg-logrotator@3.1.0@egg-logrotator/app/schedule/clean_log.js
2019-05-26 00:00:27,289 INFO 9902 [egg-schedule]: register schedule /home/sue/React-learning-and-work/hello-antd-router/backEnd/node_modules/_egg-logrotator@3.1.0@egg-logrotator/app/schedule/rotate_by_file.js
2019-05-26 00:00:27,289 INFO 9902 [egg-schedule]: register schedule /home/sue/React-learning-and-work/hello-antd-router/backEnd/app/schedule/update_cache.js
2019-05-26 00:01:06,874 INFO 9902 [Job#15588000668738278965028478133] /home/sue/React-learning-and-work/hello-antd-router/backEnd/app/schedule/update_cache.js executing by app
2019-05-26 00:01:06,875 INFO 9902 [Job#15588000668738278965028478133] /home/sue/React-learning-and-work/hello-antd-router/backEnd/app/schedule/update_cache.js execute succeed, used 1ms
2019-05-26 00:01:06,873 INFO 4592 [Timer] /home/sue/React-learning-and-work/hello-antd-router/backEnd/app/schedule/update_cache.js next time will execute after 60000ms at 2019-05-26 00:02:06.873
2019-05-26 00:02:06,874 INFO 9902 [Job#15588001268748338965741116134] /home/sue/React-learning-and-work/hello-antd-router/backEnd/app/schedule/update_cache.js executing by app
2019-05-26 00:02:06,876 INFO 9902 [Job#15588001268748338965741116134] /home/sue/React-learning-and-work/hello-antd-router/backEnd/app/schedule/update_cache.js execute succeed, used 1ms
2019-05-26 00:02:06,874 INFO 4592 [Timer] /home/sue/React-learning-and-work/hello-antd-router/backEnd/app/schedule/update_cache.js next time will execute after 60000ms at 2019-05-26 00:03:06.874
2019-05-26 00:03:06,874 INFO 9902 [Job#15588001868738398965354653135] /home/sue/React-learning-and-work/hello-antd-router/backEnd/app/schedule/update_cache.js executing by app
2019-05-26 00:03:06,874 INFO 9902 [Job#15588001868738398965354653135] /home/sue/React-learning-and-work/hello-antd-router/backEnd/app/schedule/update_cache.js execute succeed, used 0ms
2019-05-26 00:03:06,874 INFO 4592 [Timer] /home/sue/React-learning-and-work/hello-antd-router/backEnd/app/schedule/update_cache.js next time will execute after 60000ms at 2019-05-26 00:04:06.874
2019-05-26 00:04:06,875 INFO 9902 [Job#15588002468748458965682646136] /home/sue/React-learning-and-work/hello-antd-router/backEnd/app/schedule/update_cache.js executing by app
2019-05-26 00:04:06,875 INFO 9902 [Job#15588002468748458965682646136] /home/sue/React-learning-and-work/hello-antd-router/backEnd/app/schedule/update_cache.js execute succeed, used 0ms
2019-05-26 00:04:06,874 INFO 4592 [Timer] /home/sue/React-learning-and-work/hello-antd-router/backEnd/app/schedule/update_cache.js next time will execute after 60000ms at 2019-05-26 00:05:06.874
2019-05-26 00:05:06,875 INFO 9902 [Job#15588003068748518966327958137] /home/sue/React-learning-and-work/hello-antd-router/backEnd/app/schedule/update_cache.js executing by app
2019-05-26 00:05:06,875 INFO 9902 [Job#15588003068748518966327958137] /home/sue/React-learning-and-work/hello-antd-router/backEnd/app/schedule/update_cache.js execute succeed, used 0ms
2019-05-26 00:05:06,875 INFO 4592 [Timer] /home/sue/React-learning-and-work/hello-antd-router/backEnd/app/schedule/update_cache.js next time will execute after 60000ms at 2019-05-26 00:06:06.875
2019-05-26 00:05:43,754 INFO 10113 [egg-schedule]: register schedule /home/sue/React-learning-and-work/hello-antd-router/backEnd/node_modules/_egg-multipart@2.7.1@egg-multipart/app/schedule/clean_tmpdir.js
2019-05-26 00:05:43,754 INFO 10113 [egg-schedule]: register schedule /home/sue/React-learning-and-work/hello-antd-router/backEnd/node_modules/_egg-logrotator@3.1.0@egg-logrotator/app/schedule/clean_log.js
2019-05-26 00:05:43,754 INFO 10113 [egg-schedule]: register schedule /home/sue/React-learning-and-work/hello-antd-router/backEnd/node_modules/_egg-logrotator@3.1.0@egg-logrotator/app/schedule/rotate_by_file.js
2019-05-26 00:05:43,754 INFO 10113 [egg-schedule]: register schedule /home/sue/React-learning-and-work/hello-antd-router/backEnd/app/schedule/update_cache.js
2019-05-26 00:05:47,321 INFO 10125 [egg-schedule]: register schedule /home/sue/React-learning-and-work/hello-antd-router/backEnd/node_modules/_egg-multipart@2.7.1@egg-multipart/app/schedule/clean_tmpdir.js
2019-05-26 00:05:47,321 INFO 10125 [egg-schedule]: register schedule /home/sue/React-learning-and-work/hello-antd-router/backEnd/node_modules/_egg-logrotator@3.1.0@egg-logrotator/app/schedule/clean_log.js
2019-05-26 00:05:47,321 INFO 10125 [egg-schedule]: register schedule /home/sue/React-learning-and-work/hello-antd-router/backEnd/node_modules/_egg-logrotator@3.1.0@egg-logrotator/app/schedule/rotate_by_file.js
2019-05-26 00:05:47,321 INFO 10125 [egg-schedule]: register schedule /home/sue/React-learning-and-work/hello-antd-router/backEnd/app/schedule/update_cache.js
2019-05-26 00:06:06,876 INFO 4592 [Timer] /home/sue/React-learning-and-work/hello-antd-router/backEnd/app/schedule/update_cache.js next time will execute after 60000ms at 2019-05-26 00:07:06.876
2019-05-26 00:06:06,876 INFO 10125 [Job#15588003668768578967572507138] /home/sue/React-learning-and-work/hello-antd-router/backEnd/app/schedule/update_cache.js executing by app
2019-05-26 00:06:06,877 INFO 10125 [Job#15588003668768578967572507138] /home/sue/React-learning-and-work/hello-antd-router/backEnd/app/schedule/update_cache.js execute succeed, used 0ms
2019-05-26 00:07:06,877 INFO 4592 [Timer] /home/sue/React-learning-and-work/hello-antd-router/backEnd/app/schedule/update_cache.js next time will execute after 60000ms at 2019-05-26 00:08:06.877
2019-05-26 00:07:06,877 INFO 10125 [Job#15588004268768638968326424139] /home/sue/React-learning-and-work/hello-antd-router/backEnd/app/schedule/update_cache.js executing by app
2019-05-26 00:07:06,878 INFO 10125 [Job#15588004268768638968326424139] /home/sue/React-learning-and-work/hello-antd-router/backEnd/app/schedule/update_cache.js execute succeed, used 0ms
2019-05-26 00:08:06,878 INFO 4592 [Timer] /home/sue/React-learning-and-work/hello-antd-router/backEnd/app/schedule/update_cache.js next time will execute after 60000ms at 2019-05-26 00:09:06.877
2019-05-26 00:08:06,878 INFO 10125 [Job#15588004868778698969239881140] /home/sue/React-learning-and-work/hello-antd-router/backEnd/app/schedule/update_cache.js executing by app
2019-05-26 00:08:06,878 INFO 10125 [Job#15588004868778698969239881140] /home/sue/React-learning-and-work/hello-antd-router/backEnd/app/schedule/update_cache.js execute succeed, used 0ms
2019-05-26 00:09:06,878 INFO 4592 [Timer] /home/sue/React-learning-and-work/hello-antd-router/backEnd/app/schedule/update_cache.js next time will execute after 60000ms at 2019-05-26 00:10:06.878
2019-05-26 00:09:06,879 INFO 10125 [Job#15588005468788758970122940141] /home/sue/React-learning-and-work/hello-antd-router/backEnd/app/schedule/update_cache.js executing by app
2019-05-26 00:09:06,880 INFO 10125 [Job#15588005468788758970122940141] /home/sue/React-learning-and-work/hello-antd-router/backEnd/app/schedule/update_cache.js execute succeed, used 1ms
2019-05-26 00:09:50,654 INFO 10222 [egg-schedule]: register schedule /home/sue/React-learning-and-work/hello-antd-router/backEnd/node_modules/_egg-multipart@2.7.1@egg-multipart/app/schedule/clean_tmpdir.js
2019-05-26 00:09:50,654 INFO 10222 [egg-schedule]: register schedule /home/sue/React-learning-and-work/hello-antd-router/backEnd/node_modules/_egg-logrotator@3.1.0@egg-logrotator/app/schedule/clean_log.js
2019-05-26 00:09:50,654 INFO 10222 [egg-schedule]: register schedule /home/sue/React-learning-and-work/hello-antd-router/backEnd/node_modules/_egg-logrotator@3.1.0@egg-logrotator/app/schedule/rotate_by_file.js
2019-05-26 00:09:50,654 INFO 10222 [egg-schedule]: register schedule /home/sue/React-learning-and-work/hello-antd-router/backEnd/app/schedule/update_cache.js
2019-05-26 00:09:53,583 INFO 10233 [egg-schedule]: register schedule /home/sue/React-learning-and-work/hello-antd-router/backEnd/node_modules/_egg-multipart@2.7.1@egg-multipart/app/schedule/clean_tmpdir.js
2019-05-26 00:09:53,583 INFO 10233 [egg-schedule]: register schedule /home/sue/React-learning-and-work/hello-antd-router/backEnd/node_modules/_egg-logrotator@3.1.0@egg-logrotator/app/schedule/clean_log.js
2019-05-26 00:09:53,583 INFO 10233 [egg-schedule]: register schedule /home/sue/React-learning-and-work/hello-antd-router/backEnd/node_modules/_egg-logrotator@3.1.0@egg-logrotator/app/schedule/rotate_by_file.js
2019-05-26 00:09:53,583 INFO 10233 [egg-schedule]: register schedule /home/sue/React-learning-and-work/hello-antd-router/backEnd/app/schedule/update_cache.js
2019-05-26 00:09:56,316 INFO 10244 [egg-schedule]: register schedule /home/sue/React-learning-and-work/hello-antd-router/backEnd/node_modules/_egg-multipart@2.7.1@egg-multipart/app/schedule/clean_tmpdir.js
2019-05-26 00:09:56,316 INFO 10244 [egg-schedule]: register schedule /home/sue/React-learning-and-work/hello-antd-router/backEnd/node_modules/_egg-logrotator@3.1.0@egg-logrotator/app/schedule/clean_log.js
2019-05-26 00:09:56,316 INFO 10244 [egg-schedule]: register schedule /home/sue/React-learning-and-work/hello-antd-router/backEnd/node_modules/_egg-logrotator@3.1.0@egg-logrotator/app/schedule/rotate_by_file.js
2019-05-26 00:09:56,316 INFO 10244 [egg-schedule]: register schedule /home/sue/React-learning-and-work/hello-antd-router/backEnd/app/schedule/update_cache.js
2019-05-26 00:09:59,036 INFO 10255 [egg-schedule]: register schedule /home/sue/React-learning-and-work/hello-antd-router/backEnd/node_modules/_egg-multipart@2.7.1@egg-multipart/app/schedule/clean_tmpdir.js
2019-05-26 00:09:59,036 INFO 10255 [egg-schedule]: register schedule /home/sue/React-learning-and-work/hello-antd-router/backEnd/node_modules/_egg-logrotator@3.1.0@egg-logrotator/app/schedule/clean_log.js
2019-05-26 00:09:59,036 INFO 10255 [egg-schedule]: register schedule /home/sue/React-learning-and-work/hello-antd-router/backEnd/node_modules/_egg-logrotator@3.1.0@egg-logrotator/app/schedule/rotate_by_file.js
2019-05-26 00:09:59,036 INFO 10255 [egg-schedule]: register schedule /home/sue/React-learning-and-work/hello-antd-router/backEnd/app/schedule/update_cache.js
2019-05-26 00:10:06,881 INFO 10255 [Job#15588006068808818971528045142] /home/sue/React-learning-and-work/hello-antd-router/backEnd/app/schedule/update_cache.js executing by app
2019-05-26 00:10:06,884 INFO 10255 [Job#15588006068808818971528045142] /home/sue/React-learning-and-work/hello-antd-router/backEnd/app/schedule/update_cache.js execute succeed, used 1ms
2019-05-26 00:10:06,880 INFO 4592 [Timer] /home/sue/React-learning-and-work/hello-antd-router/backEnd/app/schedule/update_cache.js next time will execute after 60000ms at 2019-05-26 00:11:06.880
2019-05-26 00:10:09,145 INFO 10271 [egg-schedule]: register schedule /home/sue/React-learning-and-work/hello-antd-router/backEnd/node_modules/_egg-multipart@2.7.1@egg-multipart/app/schedule/clean_tmpdir.js
2019-05-26 00:10:09,145 INFO 10271 [egg-schedule]: register schedule /home/sue/React-learning-and-work/hello-antd-router/backEnd/node_modules/_egg-logrotator@3.1.0@egg-logrotator/app/schedule/clean_log.js
2019-05-26 00:10:09,145 INFO 10271 [egg-schedule]: register schedule /home/sue/React-learning-and-work/hello-antd-router/backEnd/node_modules/_egg-logrotator@3.1.0@egg-logrotator/app/schedule/rotate_by_file.js
2019-05-26 00:10:09,145 INFO 10271 [egg-schedule]: register schedule /home/sue/React-learning-and-work/hello-antd-router/backEnd/app/schedule/update_cache.js
2019-05-26 00:10:11,649 INFO 10282 [egg-schedule]: register schedule /home/sue/React-learning-and-work/hello-antd-router/backEnd/node_modules/_egg-multipart@2.7.1@egg-multipart/app/schedule/clean_tmpdir.js
2019-05-26 00:10:11,649 INFO 10282 [egg-schedule]: register schedule /home/sue/React-learning-and-work/hello-antd-router/backEnd/node_modules/_egg-logrotator@3.1.0@egg-logrotator/app/schedule/clean_log.js
2019-05-26 00:10:11,649 INFO 10282 [egg-schedule]: register schedule /home/sue/React-learning-and-work/hello-antd-router/backEnd/node_modules/_egg-logrotator@3.1.0@egg-logrotator/app/schedule/rotate_by_file.js
2019-05-26 00:10:11,649 INFO 10282 [egg-schedule]: register schedule /home/sue/React-learning-and-work/hello-antd-router/backEnd/app/schedule/update_cache.js
2019-05-26 00:10:16,654 INFO 10295 [egg-schedule]: register schedule /home/sue/React-learning-and-work/hello-antd-router/backEnd/node_modules/_egg-multipart@2.7.1@egg-multipart/app/schedule/clean_tmpdir.js
2019-05-26 00:10:16,654 INFO 10295 [egg-schedule]: register schedule /home/sue/React-learning-and-work/hello-antd-router/backEnd/node_modules/_egg-logrotator@3.1.0@egg-logrotator/app/schedule/clean_log.js
2019-05-26 00:10:16,654 INFO 10295 [egg-schedule]: register schedule /home/sue/React-learning-and-work/hello-antd-router/backEnd/node_modules/_egg-logrotator@3.1.0@egg-logrotator/app/schedule/rotate_by_file.js
2019-05-26 00:10:16,654 INFO 10295 [egg-schedule]: register schedule /home/sue/React-learning-and-work/hello-antd-router/backEnd/app/schedule/update_cache.js
2019-05-26 00:10:20,428 INFO 10306 [egg-schedule]: register schedule /home/sue/React-learning-and-work/hello-antd-router/backEnd/node_modules/_egg-multipart@2.7.1@egg-multipart/app/schedule/clean_tmpdir.js
2019-05-26 00:10:20,428 INFO 10306 [egg-schedule]: register schedule /home/sue/React-learning-and-work/hello-antd-router/backEnd/node_modules/_egg-logrotator@3.1.0@egg-logrotator/app/schedule/clean_log.js
2019-05-26 00:10:20,428 INFO 10306 [egg-schedule]: register schedule /home/sue/React-learning-and-work/hello-antd-router/backEnd/node_modules/_egg-logrotator@3.1.0@egg-logrotator/app/schedule/rotate_by_file.js
2019-05-26 00:10:20,428 INFO 10306 [egg-schedule]: register schedule /home/sue/React-learning-and-work/hello-antd-router/backEnd/app/schedule/update_cache.js
2019-05-26 00:10:26,040 INFO 10317 [egg-schedule]: register schedule /home/sue/React-learning-and-work/hello-antd-router/backEnd/node_modules/_egg-multipart@2.7.1@egg-multipart/app/schedule/clean_tmpdir.js
2019-05-26 00:10:26,040 INFO 10317 [egg-schedule]: register schedule /home/sue/React-learning-and-work/hello-antd-router/backEnd/node_modules/_egg-logrotator@3.1.0@egg-logrotator/app/schedule/clean_log.js
2019-05-26 00:10:26,040 INFO 10317 [egg-schedule]: register schedule /home/sue/React-learning-and-work/hello-antd-router/backEnd/node_modules/_egg-logrotator@3.1.0@egg-logrotator/app/schedule/rotate_by_file.js
2019-05-26 00:10:26,040 INFO 10317 [egg-schedule]: register schedule /home/sue/React-learning-and-work/hello-antd-router/backEnd/app/schedule/update_cache.js
2019-05-26 00:10:29,549 INFO 10328 [egg-schedule]: register schedule /home/sue/React-learning-and-work/hello-antd-router/backEnd/node_modules/_egg-multipart@2.7.1@egg-multipart/app/schedule/clean_tmpdir.js
2019-05-26 00:10:29,549 INFO 10328 [egg-schedule]: register schedule /home/sue/React-learning-and-work/hello-antd-router/backEnd/node_modules/_egg-logrotator@3.1.0@egg-logrotator/app/schedule/clean_log.js
2019-05-26 00:10:29,549 INFO 10328 [egg-schedule]: register schedule /home/sue/React-learning-and-work/hello-antd-router/backEnd/node_modules/_egg-logrotator@3.1.0@egg-logrotator/app/schedule/rotate_by_file.js
2019-05-26 00:10:29,549 INFO 10328 [egg-schedule]: register schedule /home/sue/React-learning-and-work/hello-antd-router/backEnd/app/schedule/update_cache.js
2019-05-26 00:11:06,880 INFO 4592 [Timer] /home/sue/React-learning-and-work/hello-antd-router/backEnd/app/schedule/update_cache.js next time will execute after 60000ms at 2019-05-26 00:12:06.880
2019-05-26 00:11:06,881 INFO 10328 [Job#15588006668808878972141725143] /home/sue/React-learning-and-work/hello-antd-router/backEnd/app/schedule/update_cache.js executing by app
2019-05-26 00:11:06,883 INFO 10328 [Job#15588006668808878972141725143] /home/sue/React-learning-and-work/hello-antd-router/backEnd/app/schedule/update_cache.js execute succeed, used 1ms
2019-05-26 00:12:06,881 INFO 4592 [Timer] /home/sue/React-learning-and-work/hello-antd-router/backEnd/app/schedule/update_cache.js next time will execute after 60000ms at 2019-05-26 00:13:06.881
2019-05-26 00:12:06,882 INFO 10328 [Job#15588007268818938972985896144] /home/sue/React-learning-and-work/hello-antd-router/backEnd/app/schedule/update_cache.js executing by app
2019-05-26 00:12:06,883 INFO 10328 [Job#15588007268818938972985896144] /home/sue/React-learning-and-work/hello-antd-router/backEnd/app/schedule/update_cache.js execute succeed, used 1ms
2019-05-26 00:13:06,883 INFO 4592 [Timer] /home/sue/React-learning-and-work/hello-antd-router/backEnd/app/schedule/update_cache.js next time will execute after 60000ms at 2019-05-26 00:14:06.883
2019-05-26 00:13:06,884 INFO 10328 [Job#15588007868838998974579841145] /home/sue/React-learning-and-work/hello-antd-router/backEnd/app/schedule/update_cache.js executing by app
2019-05-26 00:13:06,884 INFO 10328 [Job#15588007868838998974579841145] /home/sue/React-learning-and-work/hello-antd-router/backEnd/app/schedule/update_cache.js execute succeed, used 0ms
2019-05-26 00:14:06,883 INFO 4592 [Timer] /home/sue/React-learning-and-work/hello-antd-router/backEnd/app/schedule/update_cache.js next time will execute after 60000ms at 2019-05-26 00:15:06.883
2019-05-26 00:14:06,884 INFO 10328 [Job#15588008468839058974981004146] /home/sue/React-learning-and-work/hello-antd-router/backEnd/app/schedule/update_cache.js executing by app
2019-05-26 00:14:06,884 INFO 10328 [Job#15588008468839058974981004146] /home/sue/React-learning-and-work/hello-antd-router/backEnd/app/schedule/update_cache.js execute succeed, used 0ms
2019-05-26 00:14:27,003 INFO 10470 [egg-schedule]: register schedule /home/sue/React-learning-and-work/hello-antd-router/backEnd/node_modules/_egg-multipart@2.7.1@egg-multipart/app/schedule/clean_tmpdir.js
2019-05-26 00:14:27,003 INFO 10470 [egg-schedule]: register schedule /home/sue/React-learning-and-work/hello-antd-router/backEnd/node_modules/_egg-logrotator@3.1.0@egg-logrotator/app/schedule/clean_log.js
2019-05-26 00:14:27,003 INFO 10470 [egg-schedule]: register schedule /home/sue/React-learning-and-work/hello-antd-router/backEnd/node_modules/_egg-logrotator@3.1.0@egg-logrotator/app/schedule/rotate_by_file.js
2019-05-26 00:14:27,003 INFO 10470 [egg-schedule]: register schedule /home/sue/React-learning-and-work/hello-antd-router/backEnd/app/schedule/update_cache.js
2019-05-26 00:15:06,886 INFO 10470 [Job#15588009068849118976248386147] /home/sue/React-learning-and-work/hello-antd-router/backEnd/app/schedule/update_cache.js executing by app
2019-05-26 00:15:06,889 INFO 10470 [Job#15588009068849118976248386147] /home/sue/React-learning-and-work/hello-antd-router/backEnd/app/schedule/update_cache.js execute succeed, used 1ms
2019-05-26 00:15:06,885 INFO 4592 [Timer] /home/sue/React-learning-and-work/hello-antd-router/backEnd/app/schedule/update_cache.js next time will execute after 60000ms at 2019-05-26 00:16:06.885
2019-05-26 09:19:45,812 INFO 5004 [egg-schedule]: register schedule /home/sue/React-learning-and-work/hello-antd-router/backEnd/node_modules/_egg-multipart@2.7.1@egg-multipart/app/schedule/clean_tmpdir.js
2019-05-26 09:19:45,812 INFO 5004 [egg-schedule]: register schedule /home/sue/React-learning-and-work/hello-antd-router/backEnd/node_modules/_egg-logrotator@3.1.0@egg-logrotator/app/schedule/clean_log.js
2019-05-26 09:19:45,812 INFO 5004 [egg-schedule]: register schedule /home/sue/React-learning-and-work/hello-antd-router/backEnd/node_modules/_egg-logrotator@3.1.0@egg-logrotator/app/schedule/rotate_by_file.js
2019-05-26 09:19:45,812 INFO 5004 [egg-schedule]: register schedule /home/sue/React-learning-and-work/hello-antd-router/backEnd/app/schedule/update_cache.js
2019-05-26 09:19:49,083 INFO 4981 [Timer] /home/sue/React-learning-and-work/hello-antd-router/backEnd/node_modules/_egg-multipart@2.7.1@egg-multipart/app/schedule/clean_tmpdir.js next time will execute after 69010921ms at 2019-05-27 04:30:00.004
2019-05-26 09:19:49,084 INFO 4981 [Timer] /home/sue/React-learning-and-work/hello-antd-router/backEnd/node_modules/_egg-logrotator@3.1.0@egg-logrotator/app/schedule/clean_log.js next time will execute after 52810916ms at 2019-05-27 00:00:00.000
2019-05-26 09:19:49,085 INFO 4981 [Timer] /home/sue/React-learning-and-work/hello-antd-router/backEnd/node_modules/_egg-logrotator@3.1.0@egg-logrotator/app/schedule/rotate_by_file.js next time will execute after 52811916ms at 2019-05-27 00:00:01.001
2019-05-26 09:19:49,085 INFO 4981 [Timer] /home/sue/React-learning-and-work/hello-antd-router/backEnd/app/schedule/update_cache.js next time will execute after 60000ms at 2019-05-26 09:20:49.085
2019-05-26 09:20:49,736 INFO 4981 [Timer] /home/sue/React-learning-and-work/hello-antd-router/backEnd/app/schedule/update_cache.js next time will execute after 60000ms at 2019-05-26 09:21:49.736
2019-05-26 09:20:49,736 INFO 5004 [Job#15588336497353332160958341] /home/sue/React-learning-and-work/hello-antd-router/backEnd/app/schedule/update_cache.js executing by app
2019-05-26 09:20:49,738 INFO 5004 [Job#15588336497353332160958341] /home/sue/React-learning-and-work/hello-antd-router/backEnd/app/schedule/update_cache.js execute succeed, used 1ms
2019-05-26 09:21:49,737 INFO 4981 [Timer] /home/sue/React-learning-and-work/hello-antd-router/backEnd/app/schedule/update_cache.js next time will execute after 60000ms at 2019-05-26 09:22:49.737
2019-05-26 09:21:49,737 INFO 5004 [Job#15588337097363932172269502] /home/sue/React-learning-and-work/hello-antd-router/backEnd/app/schedule/update_cache.js executing by app
2019-05-26 09:21:49,737 INFO 5004 [Job#15588337097363932172269502] /home/sue/React-learning-and-work/hello-antd-router/backEnd/app/schedule/update_cache.js execute succeed, used 0ms
2019-05-26 09:22:49,737 INFO 4981 [Timer] /home/sue/React-learning-and-work/hello-antd-router/backEnd/app/schedule/update_cache.js next time will execute after 60000ms at 2019-05-26 09:23:49.737
2019-05-26 09:22:49,737 INFO 5004 [Job#15588337697374532175868723] /home/sue/React-learning-and-work/hello-antd-router/backEnd/app/schedule/update_cache.js executing by app
2019-05-26 09:22:49,737 INFO 5004 [Job#15588337697374532175868723] /home/sue/React-learning-and-work/hello-antd-router/backEnd/app/schedule/update_cache.js execute succeed, used 0ms
2019-05-26 09:23:49,737 INFO 4981 [Timer] /home/sue/React-learning-and-work/hello-antd-router/backEnd/app/schedule/update_cache.js next time will execute after 60000ms at 2019-05-26 09:24:49.737
2019-05-26 09:23:49,738 INFO 5004 [Job#15588338297375132175465604] /home/sue/React-learning-and-work/hello-antd-router/backEnd/app/schedule/update_cache.js executing by app
2019-05-26 09:23:49,738 INFO 5004 [Job#15588338297375132175465604] /home/sue/React-learning-and-work/hello-antd-router/backEnd/app/schedule/update_cache.js execute succeed, used 0ms
2019-05-26 09:24:49,737 INFO 4981 [Timer] /home/sue/React-learning-and-work/hello-antd-router/backEnd/app/schedule/update_cache.js next time will execute after 60000ms at 2019-05-26 09:25:49.737
2019-05-26 09:24:49,737 INFO 5004 [Job#15588338897375732173142895] /home/sue/React-learning-and-work/hello-antd-router/backEnd/app/schedule/update_cache.js executing by app
2019-05-26 09:24:49,737 INFO 5004 [Job#15588338897375732173142895] /home/sue/React-learning-and-work/hello-antd-router/backEnd/app/schedule/update_cache.js execute succeed, used 0ms
2019-05-26 09:25:49,737 INFO 4981 [Timer] /home/sue/React-learning-and-work/hello-antd-router/backEnd/app/schedule/update_cache.js next time will execute after 60000ms at 2019-05-26 09:26:49.737
2019-05-26 09:25:49,738 INFO 5004 [Job#15588339497376332178498056] /home/sue/React-learning-and-work/hello-antd-router/backEnd/app/schedule/update_cache.js executing by app
2019-05-26 09:25:49,738 INFO 5004 [Job#15588339497376332178498056] /home/sue/React-learning-and-work/hello-antd-router/backEnd/app/schedule/update_cache.js execute succeed, used 0ms
2019-05-26 09:26:49,738 INFO 4981 [Timer] /home/sue/React-learning-and-work/hello-antd-router/backEnd/app/schedule/update_cache.js next time will execute after 60000ms at 2019-05-26 09:27:49.738
2019-05-26 09:26:49,739 INFO 5004 [Job#15588340097386932187458357] /home/sue/React-learning-and-work/hello-antd-router/backEnd/app/schedule/update_cache.js executing by app
2019-05-26 09:26:49,740 INFO 5004 [Job#15588340097386932187458357] /home/sue/React-learning-and-work/hello-antd-router/backEnd/app/schedule/update_cache.js execute succeed, used 1ms
2019-05-26 09:27:49,739 INFO 4981 [Timer] /home/sue/React-learning-and-work/hello-antd-router/backEnd/app/schedule/update_cache.js next time will execute after 60000ms at 2019-05-26 09:28:49.739
2019-05-26 09:27:49,740 INFO 5004 [Job#15588340697397532200549468] /home/sue/React-learning-and-work/hello-antd-router/backEnd/app/schedule/update_cache.js executing by app
2019-05-26 09:27:49,740 INFO 5004 [Job#15588340697397532200549468] /home/sue/React-learning-and-work/hello-antd-router/backEnd/app/schedule/update_cache.js execute succeed, used 0ms
2019-05-26 09:28:49,740 INFO 4981 [Timer] /home/sue/React-learning-and-work/hello-antd-router/backEnd/app/schedule/update_cache.js next time will execute after 60000ms at 2019-05-26 09:29:49.740
2019-05-26 09:28:49,741 INFO 5004 [Job#15588341297408132209653379] /home/sue/React-learning-and-work/hello-antd-router/backEnd/app/schedule/update_cache.js executing by app
2019-05-26 09:28:49,741 INFO 5004 [Job#15588341297408132209653379] /home/sue/React-learning-and-work/hello-antd-router/backEnd/app/schedule/update_cache.js execute succeed, used 0ms
2019-05-26 09:29:49,742 INFO 4981 [Timer] /home/sue/React-learning-and-work/hello-antd-router/backEnd/app/schedule/update_cache.js next time will execute after 60000ms at 2019-05-26 09:30:49.741
2019-05-26 09:29:49,742 INFO 5004 [Job#155883418974187322213661810] /home/sue/React-learning-and-work/hello-antd-router/backEnd/app/schedule/update_cache.js executing by app
2019-05-26 09:29:49,742 INFO 5004 [Job#155883418974187322213661810] /home/sue/React-learning-and-work/hello-antd-router/backEnd/app/schedule/update_cache.js execute succeed, used 0ms
2019-05-26 09:30:49,742 INFO 4981 [Timer] /home/sue/React-learning-and-work/hello-antd-router/backEnd/app/schedule/update_cache.js next time will execute after 60000ms at 2019-05-26 09:31:49.742
2019-05-26 09:30:49,742 INFO 5004 [Job#155883424974293322262290711] /home/sue/React-learning-and-work/hello-antd-router/backEnd/app/schedule/update_cache.js executing by app
2019-05-26 09:30:49,742 INFO 5004 [Job#155883424974293322262290711] /home/sue/React-learning-and-work/hello-antd-router/backEnd/app/schedule/update_cache.js execute succeed, used 0ms
2019-05-26 09:31:49,742 INFO 4981 [Timer] /home/sue/React-learning-and-work/hello-antd-router/backEnd/app/schedule/update_cache.js next time will execute after 60000ms at 2019-05-26 09:32:49.742
2019-05-26 09:31:49,742 INFO 5004 [Job#155883430974299322263620212] /home/sue/React-learning-and-work/hello-antd-router/backEnd/app/schedule/update_cache.js executing by app
2019-05-26 09:31:49,742 INFO 5004 [Job#155883430974299322263620212] /home/sue/React-learning-and-work/hello-antd-router/backEnd/app/schedule/update_cache.js execute succeed, used 0ms
2019-05-26 09:32:49,742 INFO 4981 [Timer] /home/sue/React-learning-and-work/hello-antd-router/backEnd/app/schedule/update_cache.js next time will execute after 60000ms at 2019-05-26 09:33:49.742
2019-05-26 09:32:49,742 INFO 5004 [Job#1558834369742105322277858013] /home/sue/React-learning-and-work/hello-antd-router/backEnd/app/schedule/update_cache.js executing by app
2019-05-26 09:32:49,743 INFO 5004 [Job#1558834369742105322277858013] /home/sue/React-learning-and-work/hello-antd-router/backEnd/app/schedule/update_cache.js execute succeed, used 0ms
2019-05-26 09:33:49,742 INFO 4981 [Timer] /home/sue/React-learning-and-work/hello-antd-router/backEnd/app/schedule/update_cache.js next time will execute after 60000ms at 2019-05-26 09:34:49.742
2019-05-26 09:33:49,742 INFO 5004 [Job#1558834429742111322232707914] /home/sue/React-learning-and-work/hello-antd-router/backEnd/app/schedule/update_cache.js executing by app
2019-05-26 09:33:49,743 INFO 5004 [Job#1558834429742111322232707914] /home/sue/React-learning-and-work/hello-antd-router/backEnd/app/schedule/update_cache.js execute succeed, used 0ms
2019-05-26 09:34:49,742 INFO 4981 [Timer] /home/sue/React-learning-and-work/hello-antd-router/backEnd/app/schedule/update_cache.js next time will execute after 60000ms at 2019-05-26 09:35:49.742
2019-05-26 09:34:49,742 INFO 5004 [Job#1558834489742117322255507615] /home/sue/React-learning-and-work/hello-antd-router/backEnd/app/schedule/update_cache.js executing by app
2019-05-26 09:34:49,744 INFO 5004 [Job#1558834489742117322255507615] /home/sue/React-learning-and-work/hello-antd-router/backEnd/app/schedule/update_cache.js execute succeed, used 1ms
2019-05-26 09:34:57,053 INFO 6906 [egg-schedule]: register schedule /home/sue/React-learning-and-work/hello-antd-router/backEnd/node_modules/_egg-multipart@2.7.1@egg-multipart/app/schedule/clean_tmpdir.js
2019-05-26 09:34:57,053 INFO 6906 [egg-schedule]: register schedule /home/sue/React-learning-and-work/hello-antd-router/backEnd/node_modules/_egg-logrotator@3.1.0@egg-logrotator/app/schedule/clean_log.js
2019-05-26 09:34:57,053 INFO 6906 [egg-schedule]: register schedule /home/sue/React-learning-and-work/hello-antd-router/backEnd/node_modules/_egg-logrotator@3.1.0@egg-logrotator/app/schedule/rotate_by_file.js
2019-05-26 09:34:57,053 INFO 6906 [egg-schedule]: register schedule /home/sue/React-learning-and-work/hello-antd-router/backEnd/app/schedule/update_cache.js
2019-05-26 09:35:07,738 INFO 6926 [egg-schedule]: register schedule /home/sue/React-learning-and-work/hello-antd-router/backEnd/node_modules/_egg-multipart@2.7.1@egg-multipart/app/schedule/clean_tmpdir.js
2019-05-26 09:35:07,738 INFO 6926 [egg-schedule]: register schedule /home/sue/React-learning-and-work/hello-antd-router/backEnd/node_modules/_egg-logrotator@3.1.0@egg-logrotator/app/schedule/clean_log.js
2019-05-26 09:35:07,738 INFO 6926 [egg-schedule]: register schedule /home/sue/React-learning-and-work/hello-antd-router/backEnd/node_modules/_egg-logrotator@3.1.0@egg-logrotator/app/schedule/rotate_by_file.js
2019-05-26 09:35:07,738 INFO 6926 [egg-schedule]: register schedule /home/sue/React-learning-and-work/hello-antd-router/backEnd/app/schedule/update_cache.js
2019-05-26 09:35:23,314 INFO 6941 [egg-schedule]: register schedule /home/sue/React-learning-and-work/hello-antd-router/backEnd/node_modules/_egg-multipart@2.7.1@egg-multipart/app/schedule/clean_tmpdir.js
2019-05-26 09:35:23,315 INFO 6941 [egg-schedule]: register schedule /home/sue/React-learning-and-work/hello-antd-router/backEnd/node_modules/_egg-logrotator@3.1.0@egg-logrotator/app/schedule/clean_log.js
2019-05-26 09:35:23,315 INFO 6941 [egg-schedule]: register schedule /home/sue/React-learning-and-work/hello-antd-router/backEnd/node_modules/_egg-logrotator@3.1.0@egg-logrotator/app/schedule/rotate_by_file.js
2019-05-26 09:35:23,315 INFO 6941 [egg-schedule]: register schedule /home/sue/React-learning-and-work/hello-antd-router/backEnd/app/schedule/update_cache.js
2019-05-26 09:35:37,901 INFO 6959 [egg-schedule]: register schedule /home/sue/React-learning-and-work/hello-antd-router/backEnd/node_modules/_egg-multipart@2.7.1@egg-multipart/app/schedule/clean_tmpdir.js
2019-05-26 09:35:37,901 INFO 6959 [egg-schedule]: register schedule /home/sue/React-learning-and-work/hello-antd-router/backEnd/node_modules/_egg-logrotator@3.1.0@egg-logrotator/app/schedule/clean_log.js
2019-05-26 09:35:37,901 INFO 6959 [egg-schedule]: register schedule /home/sue/React-learning-and-work/hello-antd-router/backEnd/node_modules/_egg-logrotator@3.1.0@egg-logrotator/app/schedule/rotate_by_file.js
2019-05-26 09:35:37,901 INFO 6959 [egg-schedule]: register schedule /home/sue/React-learning-and-work/hello-antd-router/backEnd/app/schedule/update_cache.js
2019-05-26 09:35:49,743 INFO 4981 [Timer] /home/sue/React-learning-and-work/hello-antd-router/backEnd/app/schedule/update_cache.js next time will execute after 60000ms at 2019-05-26 09:36:49.743
2019-05-26 09:35:49,185 INFO 6981 [egg-schedule]: register schedule /home/sue/React-learning-and-work/hello-antd-router/backEnd/node_modules/_egg-multipart@2.7.1@egg-multipart/app/schedule/clean_tmpdir.js
2019-05-26 09:35:49,185 INFO 6981 [egg-schedule]: register schedule /home/sue/React-learning-and-work/hello-antd-router/backEnd/node_modules/_egg-logrotator@3.1.0@egg-logrotator/app/schedule/clean_log.js
2019-05-26 09:35:49,185 INFO 6981 [egg-schedule]: register schedule /home/sue/React-learning-and-work/hello-antd-router/backEnd/node_modules/_egg-logrotator@3.1.0@egg-logrotator/app/schedule/rotate_by_file.js
2019-05-26 09:35:49,185 INFO 6981 [egg-schedule]: register schedule /home/sue/React-learning-and-work/hello-antd-router/backEnd/app/schedule/update_cache.js
2019-05-26 09:35:49,744 INFO 6981 [Job#1558834549743123322410187516] /home/sue/React-learning-and-work/hello-antd-router/backEnd/app/schedule/update_cache.js executing by app
2019-05-26 09:35:49,745 INFO 6981 [Job#1558834549743123322410187516] /home/sue/React-learning-and-work/hello-antd-router/backEnd/app/schedule/update_cache.js execute succeed, used 1ms
2019-05-26 09:35:50,921 INFO 6992 [egg-schedule]: register schedule /home/sue/React-learning-and-work/hello-antd-router/backEnd/node_modules/_egg-multipart@2.7.1@egg-multipart/app/schedule/clean_tmpdir.js
2019-05-26 09:35:50,921 INFO 6992 [egg-schedule]: register schedule /home/sue/React-learning-and-work/hello-antd-router/backEnd/node_modules/_egg-logrotator@3.1.0@egg-logrotator/app/schedule/clean_log.js
2019-05-26 09:35:50,921 INFO 6992 [egg-schedule]: register schedule /home/sue/React-learning-and-work/hello-antd-router/backEnd/node_modules/_egg-logrotator@3.1.0@egg-logrotator/app/schedule/rotate_by_file.js
2019-05-26 09:35:50,921 INFO 6992 [egg-schedule]: register schedule /home/sue/React-learning-and-work/hello-antd-router/backEnd/app/schedule/update_cache.js
2019-05-26 09:36:49,745 INFO 4981 [Timer] /home/sue/React-learning-and-work/hello-antd-router/backEnd/app/schedule/update_cache.js next time will execute after 60000ms at 2019-05-26 09:37:49.745
2019-05-26 09:36:49,746 INFO 6992 [Job#1558834609744129322523025617] /home/sue/React-learning-and-work/hello-antd-router/backEnd/app/schedule/update_cache.js executing by app
2019-05-26 09:36:49,748 INFO 6992 [Job#1558834609744129322523025617] /home/sue/React-learning-and-work/hello-antd-router/backEnd/app/schedule/update_cache.js execute succeed, used 1ms
2019-05-26 09:37:49,745 INFO 4981 [Timer] /home/sue/React-learning-and-work/hello-antd-router/backEnd/app/schedule/update_cache.js next time will execute after 60000ms at 2019-05-26 09:38:49.745
2019-05-26 09:37:49,746 INFO 6992 [Job#1558834669745135322600209818] /home/sue/React-learning-and-work/hello-antd-router/backEnd/app/schedule/update_cache.js executing by app
2019-05-26 09:37:49,746 INFO 6992 [Job#1558834669745135322600209818] /home/sue/React-learning-and-work/hello-antd-router/backEnd/app/schedule/update_cache.js execute succeed, used 0ms
2019-05-26 09:38:49,746 INFO 4981 [Timer] /home/sue/React-learning-and-work/hello-antd-router/backEnd/app/schedule/update_cache.js next time will execute after 60000ms at 2019-05-26 09:39:49.746
2019-05-26 09:38:49,747 INFO 6992 [Job#1558834729746141322702868619] /home/sue/React-learning-and-work/hello-antd-router/backEnd/app/schedule/update_cache.js executing by app
2019-05-26 09:38:49,747 INFO 6992 [Job#1558834729746141322702868619] /home/sue/React-learning-and-work/hello-antd-router/backEnd/app/schedule/update_cache.js execute succeed, used 0ms
2019-05-26 09:39:49,748 INFO 4981 [Timer] /home/sue/React-learning-and-work/hello-antd-router/backEnd/app/schedule/update_cache.js next time will execute after 60000ms at 2019-05-26 09:40:49.748
2019-05-26 09:39:49,749 INFO 6992 [Job#1558834789748147322871870320] /home/sue/React-learning-and-work/hello-antd-router/backEnd/app/schedule/update_cache.js executing by app
2019-05-26 09:39:49,749 INFO 6992 [Job#1558834789748147322871870320] /home/sue/React-learning-and-work/hello-antd-router/backEnd/app/schedule/update_cache.js execute succeed, used 0ms
2019-05-26 09:40:49,748 INFO 4981 [Timer] /home/sue/React-learning-and-work/hello-antd-router/backEnd/app/schedule/update_cache.js next time will execute after 60000ms at 2019-05-26 09:41:49.748
2019-05-26 09:40:49,749 INFO 6992 [Job#1558834849748153322894250221] /home/sue/React-learning-and-work/hello-antd-router/backEnd/app/schedule/update_cache.js executing by app
2019-05-26 09:40:49,750 INFO 6992 [Job#1558834849748153322894250221] /home/sue/React-learning-and-work/hello-antd-router/backEnd/app/schedule/update_cache.js execute succeed, used 1ms
2019-05-26 09:41:49,750 INFO 4981 [Timer] /home/sue/React-learning-and-work/hello-antd-router/backEnd/app/schedule/update_cache.js next time will execute after 60000ms at 2019-05-26 09:42:49.750
2019-05-26 09:41:49,750 INFO 6992 [Job#1558834909749159323011567822] /home/sue/React-learning-and-work/hello-antd-router/backEnd/app/schedule/update_cache.js executing by app
2019-05-26 09:41:49,751 INFO 6992 [Job#1558834909749159323011567822] /home/sue/React-learning-and-work/hello-antd-router/backEnd/app/schedule/update_cache.js execute succeed, used 1ms
2019-05-26 09:42:15,773 INFO 7187 [egg-schedule]: register schedule /home/sue/React-learning-and-work/hello-antd-router/backEnd/node_modules/_egg-multipart@2.7.1@egg-multipart/app/schedule/clean_tmpdir.js
2019-05-26 09:42:15,773 INFO 7187 [egg-schedule]: register schedule /home/sue/React-learning-and-work/hello-antd-router/backEnd/node_modules/_egg-logrotator@3.1.0@egg-logrotator/app/schedule/clean_log.js
2019-05-26 09:42:15,774 INFO 7187 [egg-schedule]: register schedule /home/sue/React-learning-and-work/hello-antd-router/backEnd/node_modules/_egg-logrotator@3.1.0@egg-logrotator/app/schedule/rotate_by_file.js
2019-05-26 09:42:15,774 INFO 7187 [egg-schedule]: register schedule /home/sue/React-learning-and-work/hello-antd-router/backEnd/app/schedule/update_cache.js
2019-05-26 09:42:49,751 INFO 7187 [Job#1558834969750165323088541023] /home/sue/React-learning-and-work/hello-antd-router/backEnd/app/schedule/update_cache.js executing by app
2019-05-26 09:42:49,752 INFO 7187 [Job#1558834969750165323088541023] /home/sue/React-learning-and-work/hello-antd-router/backEnd/app/schedule/update_cache.js execute succeed, used 1ms
2019-05-26 09:42:49,750 INFO 4981 [Timer] /home/sue/React-learning-and-work/hello-antd-router/backEnd/app/schedule/update_cache.js next time will execute after 60000ms at 2019-05-26 09:43:49.750
2019-05-26 09:42:53,084 INFO 7215 [egg-schedule]: register schedule /home/sue/React-learning-and-work/hello-antd-router/backEnd/node_modules/_egg-multipart@2.7.1@egg-multipart/app/schedule/clean_tmpdir.js
2019-05-26 09:42:53,084 INFO 7215 [egg-schedule]: register schedule /home/sue/React-learning-and-work/hello-antd-router/backEnd/node_modules/_egg-logrotator@3.1.0@egg-logrotator/app/schedule/clean_log.js
2019-05-26 09:42:53,084 INFO 7215 [egg-schedule]: register schedule /home/sue/React-learning-and-work/hello-antd-router/backEnd/node_modules/_egg-logrotator@3.1.0@egg-logrotator/app/schedule/rotate_by_file.js
2019-05-26 09:42:53,084 INFO 7215 [egg-schedule]: register schedule /home/sue/React-learning-and-work/hello-antd-router/backEnd/app/schedule/update_cache.js
2019-05-26 09:42:55,578 INFO 7226 [egg-schedule]: register schedule /home/sue/React-learning-and-work/hello-antd-router/backEnd/node_modules/_egg-multipart@2.7.1@egg-multipart/app/schedule/clean_tmpdir.js
2019-05-26 09:42:55,578 INFO 7226 [egg-schedule]: register schedule /home/sue/React-learning-and-work/hello-antd-router/backEnd/node_modules/_egg-logrotator@3.1.0@egg-logrotator/app/schedule/clean_log.js
2019-05-26 09:42:55,578 INFO 7226 [egg-schedule]: register schedule /home/sue/React-learning-and-work/hello-antd-router/backEnd/node_modules/_egg-logrotator@3.1.0@egg-logrotator/app/schedule/rotate_by_file.js
2019-05-26 09:42:55,578 INFO 7226 [egg-schedule]: register schedule /home/sue/React-learning-and-work/hello-antd-router/backEnd/app/schedule/update_cache.js
2019-05-26 09:42:57,888 INFO 7240 [egg-schedule]: register schedule /home/sue/React-learning-and-work/hello-antd-router/backEnd/node_modules/_egg-multipart@2.7.1@egg-multipart/app/schedule/clean_tmpdir.js
2019-05-26 09:42:57,888 INFO 7240 [egg-schedule]: register schedule /home/sue/React-learning-and-work/hello-antd-router/backEnd/node_modules/_egg-logrotator@3.1.0@egg-logrotator/app/schedule/clean_log.js
2019-05-26 09:42:57,888 INFO 7240 [egg-schedule]: register schedule /home/sue/React-learning-and-work/hello-antd-router/backEnd/node_modules/_egg-logrotator@3.1.0@egg-logrotator/app/schedule/rotate_by_file.js
2019-05-26 09:42:57,888 INFO 7240 [egg-schedule]: register schedule /home/sue/React-learning-and-work/hello-antd-router/backEnd/app/schedule/update_cache.js
2019-05-26 09:43:49,754 INFO 7240 [Job#1558835029752171323269618124] /home/sue/React-learning-and-work/hello-antd-router/backEnd/app/schedule/update_cache.js executing by app
2019-05-26 09:43:49,757 INFO 7240 [Job#1558835029752171323269618124] /home/sue/React-learning-and-work/hello-antd-router/backEnd/app/schedule/update_cache.js execute succeed, used 1ms
2019-05-26 09:43:49,752 INFO 4981 [Timer] /home/sue/React-learning-and-work/hello-antd-router/backEnd/app/schedule/update_cache.js next time will execute after 60000ms at 2019-05-26 09:44:49.752
2019-05-26 09:44:49,754 INFO 7240 [Job#1558835089753177323389428225] /home/sue/React-learning-and-work/hello-antd-router/backEnd/app/schedule/update_cache.js executing by app
2019-05-26 09:44:49,755 INFO 7240 [Job#1558835089753177323389428225] /home/sue/React-learning-and-work/hello-antd-router/backEnd/app/schedule/update_cache.js execute succeed, used 1ms
2019-05-26 09:44:49,753 INFO 4981 [Timer] /home/sue/React-learning-and-work/hello-antd-router/backEnd/app/schedule/update_cache.js next time will execute after 60000ms at 2019-05-26 09:45:49.753
2019-05-26 09:45:03,038 INFO 7305 [egg-schedule]: register schedule /home/sue/React-learning-and-work/hello-antd-router/backEnd/node_modules/_egg-multipart@2.7.1@egg-multipart/app/schedule/clean_tmpdir.js
2019-05-26 09:45:03,038 INFO 7305 [egg-schedule]: register schedule /home/sue/React-learning-and-work/hello-antd-router/backEnd/node_modules/_egg-logrotator@3.1.0@egg-logrotator/app/schedule/clean_log.js
2019-05-26 09:45:03,038 INFO 7305 [egg-schedule]: register schedule /home/sue/React-learning-and-work/hello-antd-router/backEnd/node_modules/_egg-logrotator@3.1.0@egg-logrotator/app/schedule/rotate_by_file.js
2019-05-26 09:45:03,038 INFO 7305 [egg-schedule]: register schedule /home/sue/React-learning-and-work/hello-antd-router/backEnd/app/schedule/update_cache.js
2019-05-26 09:45:05,080 INFO 7316 [egg-schedule]: register schedule /home/sue/React-learning-and-work/hello-antd-router/backEnd/node_modules/_egg-multipart@2.7.1@egg-multipart/app/schedule/clean_tmpdir.js
2019-05-26 09:45:05,080 INFO 7316 [egg-schedule]: register schedule /home/sue/React-learning-and-work/hello-antd-router/backEnd/node_modules/_egg-logrotator@3.1.0@egg-logrotator/app/schedule/clean_log.js
2019-05-26 09:45:05,080 INFO 7316 [egg-schedule]: register schedule /home/sue/React-learning-and-work/hello-antd-router/backEnd/node_modules/_egg-logrotator@3.1.0@egg-logrotator/app/schedule/rotate_by_file.js
2019-05-26 09:45:05,080 INFO 7316 [egg-schedule]: register schedule /home/sue/React-learning-and-work/hello-antd-router/backEnd/app/schedule/update_cache.js
2019-05-26 09:45:49,755 INFO 7316 [Job#1558835149754183323462602126] /home/sue/React-learning-and-work/hello-antd-router/backEnd/app/schedule/update_cache.js executing by app
2019-05-26 09:45:49,758 INFO 7316 [Job#1558835149754183323462602126] /home/sue/React-learning-and-work/hello-antd-router/backEnd/app/schedule/update_cache.js execute succeed, used 2ms
2019-05-26 09:45:49,754 INFO 4981 [Timer] /home/sue/React-learning-and-work/hello-antd-router/backEnd/app/schedule/update_cache.js next time will execute after 60000ms at 2019-05-26 09:46:49.754
2019-05-26 09:46:49,756 INFO 7316 [Job#1558835209755189323627522327] /home/sue/React-learning-and-work/hello-antd-router/backEnd/app/schedule/update_cache.js executing by app
2019-05-26 09:46:49,757 INFO 7316 [Job#1558835209755189323627522327] /home/sue/React-learning-and-work/hello-antd-router/backEnd/app/schedule/update_cache.js execute succeed, used 0ms
2019-05-26 09:46:49,756 INFO 4981 [Timer] /home/sue/React-learning-and-work/hello-antd-router/backEnd/app/schedule/update_cache.js next time will execute after 60000ms at 2019-05-26 09:47:49.756
2019-05-26 09:47:49,756 INFO 7316 [Job#1558835269756195323674372728] /home/sue/React-learning-and-work/hello-antd-router/backEnd/app/schedule/update_cache.js executing by app
2019-05-26 09:47:49,757 INFO 7316 [Job#1558835269756195323674372728] /home/sue/React-learning-and-work/hello-antd-router/backEnd/app/schedule/update_cache.js execute succeed, used 0ms
2019-05-26 09:47:49,756 INFO 4981 [Timer] /home/sue/React-learning-and-work/hello-antd-router/backEnd/app/schedule/update_cache.js next time will execute after 60000ms at 2019-05-26 09:48:49.756
2019-05-26 09:48:49,757 INFO 7316 [Job#1558835329756201323652280929] /home/sue/React-learning-and-work/hello-antd-router/backEnd/app/schedule/update_cache.js executing by app
2019-05-26 09:48:49,757 INFO 7316 [Job#1558835329756201323652280929] /home/sue/React-learning-and-work/hello-antd-router/backEnd/app/schedule/update_cache.js execute succeed, used 0ms
2019-05-26 09:48:49,756 INFO 4981 [Timer] /home/sue/React-learning-and-work/hello-antd-router/backEnd/app/schedule/update_cache.js next time will execute after 60000ms at 2019-05-26 09:49:49.756
2019-05-26 09:49:49,757 INFO 7316 [Job#1558835389756207323690684230] /home/sue/React-learning-and-work/hello-antd-router/backEnd/app/schedule/update_cache.js executing by app
2019-05-26 09:49:49,760 INFO 7316 [Job#1558835389756207323690684230] /home/sue/React-learning-and-work/hello-antd-router/backEnd/app/schedule/update_cache.js execute succeed, used 3ms
2019-05-26 09:49:49,756 INFO 4981 [Timer] /home/sue/React-learning-and-work/hello-antd-router/backEnd/app/schedule/update_cache.js next time will execute after 60000ms at 2019-05-26 09:50:49.756
2019-05-26 09:50:49,758 INFO 7316 [Job#1558835449757213323743521131] /home/sue/React-learning-and-work/hello-antd-router/backEnd/app/schedule/update_cache.js executing by app
2019-05-26 09:50:49,758 INFO 7316 [Job#1558835449757213323743521131] /home/sue/React-learning-and-work/hello-antd-router/backEnd/app/schedule/update_cache.js execute succeed, used 0ms
2019-05-26 09:50:49,757 INFO 4981 [Timer] /home/sue/React-learning-and-work/hello-antd-router/backEnd/app/schedule/update_cache.js next time will execute after 60000ms at 2019-05-26 09:51:49.757
2019-05-26 09:51:49,757 INFO 7316 [Job#1558835509756219323726945632] /home/sue/React-learning-and-work/hello-antd-router/backEnd/app/schedule/update_cache.js executing by app
2019-05-26 09:51:49,758 INFO 7316 [Job#1558835509756219323726945632] /home/sue/React-learning-and-work/hello-antd-router/backEnd/app/schedule/update_cache.js execute succeed, used 0ms
2019-05-26 09:51:49,757 INFO 4981 [Timer] /home/sue/React-learning-and-work/hello-antd-router/backEnd/app/schedule/update_cache.js next time will execute after 60000ms at 2019-05-26 09:52:49.757
2019-05-26 09:52:49,759 INFO 4981 [Timer] /home/sue/React-learning-and-work/hello-antd-router/backEnd/app/schedule/update_cache.js next time will execute after 60000ms at 2019-05-26 09:53:49.759
2019-05-26 09:52:49,759 INFO 7316 [Job#1558835569758225323909079633] /home/sue/React-learning-and-work/hello-antd-router/backEnd/app/schedule/update_cache.js executing by app
2019-05-26 09:52:49,760 INFO 7316 [Job#1558835569758225323909079633] /home/sue/React-learning-and-work/hello-antd-router/backEnd/app/schedule/update_cache.js execute succeed, used 0ms
2019-05-26 09:53:49,760 INFO 4981 [Timer] /home/sue/React-learning-and-work/hello-antd-router/backEnd/app/schedule/update_cache.js next time will execute after 60000ms at 2019-05-26 09:54:49.760
2019-05-26 09:53:49,760 INFO 7316 [Job#1558835629759231324023289934] /home/sue/React-learning-and-work/hello-antd-router/backEnd/app/schedule/update_cache.js executing by app
2019-05-26 09:53:49,761 INFO 7316 [Job#1558835629759231324023289934] /home/sue/React-learning-and-work/hello-antd-router/backEnd/app/schedule/update_cache.js execute succeed, used 0ms
2019-05-26 09:54:49,761 INFO 4981 [Timer] /home/sue/React-learning-and-work/hello-antd-router/backEnd/app/schedule/update_cache.js next time will execute after 60000ms at 2019-05-26 09:55:49.761
2019-05-26 09:54:49,761 INFO 7316 [Job#1558835689760237324116065535] /home/sue/React-learning-and-work/hello-antd-router/backEnd/app/schedule/update_cache.js executing by app
2019-05-26 09:54:49,762 INFO 7316 [Job#1558835689760237324116065535] /home/sue/React-learning-and-work/hello-antd-router/backEnd/app/schedule/update_cache.js execute succeed, used 1ms
2019-05-26 09:55:49,762 INFO 4981 [Timer] /home/sue/React-learning-and-work/hello-antd-router/backEnd/app/schedule/update_cache.js next time will execute after 60000ms at 2019-05-26 09:56:49.762
2019-05-26 09:55:49,763 INFO 7316 [Job#1558835749762243324274103136] /home/sue/React-learning-and-work/hello-antd-router/backEnd/app/schedule/update_cache.js executing by app
2019-05-26 09:55:49,763 INFO 7316 [Job#1558835749762243324274103136] /home/sue/React-learning-and-work/hello-antd-router/backEnd/app/schedule/update_cache.js execute succeed, used 0ms
2019-05-26 09:56:49,764 INFO 7316 [Job#1558835809763249324409413737] /home/sue/React-learning-and-work/hello-antd-router/backEnd/app/schedule/update_cache.js executing by app
2019-05-26 09:56:49,764 INFO 7316 [Job#1558835809763249324409413737] /home/sue/React-learning-and-work/hello-antd-router/backEnd/app/schedule/update_cache.js execute succeed, used 0ms
2019-05-26 09:56:49,764 INFO 4981 [Timer] /home/sue/React-learning-and-work/hello-antd-router/backEnd/app/schedule/update_cache.js next time will execute after 60000ms at 2019-05-26 09:57:49.763
2019-05-26 09:57:49,765 INFO 7316 [Job#1558835869765255324565256238] /home/sue/React-learning-and-work/hello-antd-router/backEnd/app/schedule/update_cache.js executing by app
2019-05-26 09:57:49,766 INFO 7316 [Job#1558835869765255324565256238] /home/sue/React-learning-and-work/hello-antd-router/backEnd/app/schedule/update_cache.js execute succeed, used 1ms
2019-05-26 09:57:49,765 INFO 4981 [Timer] /home/sue/React-learning-and-work/hello-antd-router/backEnd/app/schedule/update_cache.js next time will execute after 60000ms at 2019-05-26 09:58:49.765
2019-05-26 09:58:49,766 INFO 7316 [Job#1558835929765261324606865739] /home/sue/React-learning-and-work/hello-antd-router/backEnd/app/schedule/update_cache.js executing by app
2019-05-26 09:58:49,766 INFO 7316 [Job#1558835929765261324606865739] /home/sue/React-learning-and-work/hello-antd-router/backEnd/app/schedule/update_cache.js execute succeed, used 0ms
2019-05-26 09:58:49,766 INFO 4981 [Timer] /home/sue/React-learning-and-work/hello-antd-router/backEnd/app/schedule/update_cache.js next time will execute after 60000ms at 2019-05-26 09:59:49.765
2019-05-26 09:59:49,767 INFO 7316 [Job#1558835989766267324716829640] /home/sue/React-learning-and-work/hello-antd-router/backEnd/app/schedule/update_cache.js executing by app
2019-05-26 09:59:49,768 INFO 7316 [Job#1558835989766267324716829640] /home/sue/React-learning-and-work/hello-antd-router/backEnd/app/schedule/update_cache.js execute succeed, used 1ms
2019-05-26 09:59:49,767 INFO 4981 [Timer] /home/sue/React-learning-and-work/hello-antd-router/backEnd/app/schedule/update_cache.js next time will execute after 60000ms at 2019-05-26 10:00:49.767
2019-05-26 10:00:49,768 INFO 7316 [Job#1558836049767273324822590641] /home/sue/React-learning-and-work/hello-antd-router/backEnd/app/schedule/update_cache.js executing by app
2019-05-26 10:00:49,769 INFO 7316 [Job#1558836049767273324822590641] /home/sue/React-learning-and-work/hello-antd-router/backEnd/app/schedule/update_cache.js execute succeed, used 1ms
2019-05-26 10:00:49,768 INFO 4981 [Timer] /home/sue/React-learning-and-work/hello-antd-router/backEnd/app/schedule/update_cache.js next time will execute after 60000ms at 2019-05-26 10:01:49.768
2019-05-26 10:01:49,769 INFO 7316 [Job#1558836109768279324890669742] /home/sue/React-learning-and-work/hello-antd-router/backEnd/app/schedule/update_cache.js executing by app
2019-05-26 10:01:49,769 INFO 7316 [Job#1558836109768279324890669742] /home/sue/React-learning-and-work/hello-antd-router/backEnd/app/schedule/update_cache.js execute succeed, used 0ms
2019-05-26 10:01:49,768 INFO 4981 [Timer] /home/sue/React-learning-and-work/hello-antd-router/backEnd/app/schedule/update_cache.js next time will execute after 60000ms at 2019-05-26 10:02:49.768
2019-05-26 10:02:49,770 INFO 7316 [Job#1558836169769285324970002543] /home/sue/React-learning-and-work/hello-antd-router/backEnd/app/schedule/update_cache.js executing by app
2019-05-26 10:02:49,770 INFO 7316 [Job#1558836169769285324970002543] /home/sue/React-learning-and-work/hello-antd-router/backEnd/app/schedule/update_cache.js execute succeed, used 0ms
2019-05-26 10:02:49,769 INFO 4981 [Timer] /home/sue/React-learning-and-work/hello-antd-router/backEnd/app/schedule/update_cache.js next time will execute after 60000ms at 2019-05-26 10:03:49.769
2019-05-26 10:03:48,733 INFO 7316 [Job#1558836228732291325133708144] /home/sue/React-learning-and-work/hello-antd-router/backEnd/app/schedule/update_cache.js executing by app
2019-05-26 10:03:48,733 INFO 7316 [Job#1558836228732291325133708144] /home/sue/React-learning-and-work/hello-antd-router/backEnd/app/schedule/update_cache.js execute succeed, used 0ms
2019-05-26 10:03:48,733 INFO 4981 [Timer] /home/sue/React-learning-and-work/hello-antd-router/backEnd/app/schedule/update_cache.js next time will execute after 60000ms at 2019-05-26 10:04:48.733
2019-05-26 10:04:48,734 INFO 7316 [Job#1558836288733297325239550645] /home/sue/React-learning-and-work/hello-antd-router/backEnd/app/schedule/update_cache.js executing by app
2019-05-26 10:04:48,734 INFO 7316 [Job#1558836288733297325239550645] /home/sue/React-learning-and-work/hello-antd-router/backEnd/app/schedule/update_cache.js execute succeed, used 0ms
2019-05-26 10:04:48,734 INFO 4981 [Timer] /home/sue/React-learning-and-work/hello-antd-router/backEnd/app/schedule/update_cache.js next time will execute after 60000ms at 2019-05-26 10:05:48.734
2019-05-26 10:05:48,734 INFO 7316 [Job#1558836348734303325305474446] /home/sue/React-learning-and-work/hello-antd-router/backEnd/app/schedule/update_cache.js executing by app
2019-05-26 10:05:48,735 INFO 7316 [Job#1558836348734303325305474446] /home/sue/React-learning-and-work/hello-antd-router/backEnd/app/schedule/update_cache.js execute succeed, used 0ms
2019-05-26 10:05:48,734 INFO 4981 [Timer] /home/sue/React-learning-and-work/hello-antd-router/backEnd/app/schedule/update_cache.js next time will execute after 60000ms at 2019-05-26 10:06:48.734
2019-05-26 10:06:48,736 INFO 7316 [Job#1558836408735309325434046147] /home/sue/React-learning-and-work/hello-antd-router/backEnd/app/schedule/update_cache.js executing by app
2019-05-26 10:06:48,736 INFO 7316 [Job#1558836408735309325434046147] /home/sue/React-learning-and-work/hello-antd-router/backEnd/app/schedule/update_cache.js execute succeed, used 0ms
2019-05-26 10:06:48,736 INFO 4981 [Timer] /home/sue/React-learning-and-work/hello-antd-router/backEnd/app/schedule/update_cache.js next time will execute after 60000ms at 2019-05-26 10:07:48.736
2019-05-26 10:07:48,737 INFO 7316 [Job#1558836468736315325466986348] /home/sue/React-learning-and-work/hello-antd-router/backEnd/app/schedule/update_cache.js executing by app
2019-05-26 10:07:48,737 INFO 7316 [Job#1558836468736315325466986348] /home/sue/React-learning-and-work/hello-antd-router/backEnd/app/schedule/update_cache.js execute succeed, used 0ms
2019-05-26 10:07:48,736 INFO 4981 [Timer] /home/sue/React-learning-and-work/hello-antd-router/backEnd/app/schedule/update_cache.js next time will execute after 60000ms at 2019-05-26 10:08:48.736
2019-05-26 10:08:48,738 INFO 7316 [Job#1558836528737321325617787149] /home/sue/React-learning-and-work/hello-antd-router/backEnd/app/schedule/update_cache.js executing by app
2019-05-26 10:08:48,739 INFO 7316 [Job#1558836528737321325617787149] /home/sue/React-learning-and-work/hello-antd-router/backEnd/app/schedule/update_cache.js execute succeed, used 1ms
2019-05-26 10:08:48,738 INFO 4981 [Timer] /home/sue/React-learning-and-work/hello-antd-router/backEnd/app/schedule/update_cache.js next time will execute after 60000ms at 2019-05-26 10:09:48.737
2019-05-26 10:09:48,738 INFO 7316 [Job#1558836588737327325623004850] /home/sue/React-learning-and-work/hello-antd-router/backEnd/app/schedule/update_cache.js executing by app
2019-05-26 10:09:48,738 INFO 7316 [Job#1558836588737327325623004850] /home/sue/React-learning-and-work/hello-antd-router/backEnd/app/schedule/update_cache.js execute succeed, used 0ms
2019-05-26 10:09:48,737 INFO 4981 [Timer] /home/sue/React-learning-and-work/hello-antd-router/backEnd/app/schedule/update_cache.js next time will execute after 60000ms at 2019-05-26 10:10:48.737
2019-05-26 10:10:48,739 INFO 7316 [Job#1558836648738333325704741551] /home/sue/React-learning-and-work/hello-antd-router/backEnd/app/schedule/update_cache.js executing by app
2019-05-26 10:10:48,739 INFO 7316 [Job#1558836648738333325704741551] /home/sue/React-learning-and-work/hello-antd-router/backEnd/app/schedule/update_cache.js execute succeed, used 0ms
2019-05-26 10:10:48,738 INFO 4981 [Timer] /home/sue/React-learning-and-work/hello-antd-router/backEnd/app/schedule/update_cache.js next time will execute after 60000ms at 2019-05-26 10:11:48.738
2019-05-26 10:11:48,739 INFO 7316 [Job#1558836708738339325735618752] /home/sue/React-learning-and-work/hello-antd-router/backEnd/app/schedule/update_cache.js executing by app
2019-05-26 10:11:48,739 INFO 7316 [Job#1558836708738339325735618752] /home/sue/React-learning-and-work/hello-antd-router/backEnd/app/schedule/update_cache.js execute succeed, used 0ms
2019-05-26 10:11:48,739 INFO 4981 [Timer] /home/sue/React-learning-and-work/hello-antd-router/backEnd/app/schedule/update_cache.js next time will execute after 60000ms at 2019-05-26 10:12:48.739
2019-05-26 10:12:48,740 INFO 7316 [Job#1558836768739345325810090453] /home/sue/React-learning-and-work/hello-antd-router/backEnd/app/schedule/update_cache.js executing by app
2019-05-26 10:12:48,741 INFO 7316 [Job#1558836768739345325810090453] /home/sue/React-learning-and-work/hello-antd-router/backEnd/app/schedule/update_cache.js execute succeed, used 1ms
2019-05-26 10:12:48,739 INFO 4981 [Timer] /home/sue/React-learning-and-work/hello-antd-router/backEnd/app/schedule/update_cache.js next time will execute after 60000ms at 2019-05-26 10:13:48.739
2019-05-26 10:13:48,740 INFO 4981 [Timer] /home/sue/React-learning-and-work/hello-antd-router/backEnd/app/schedule/update_cache.js next time will execute after 60000ms at 2019-05-26 10:14:48.740
2019-05-26 10:13:48,741 INFO 7316 [Job#1558836828740351325921990454] /home/sue/React-learning-and-work/hello-antd-router/backEnd/app/schedule/update_cache.js executing by app
2019-05-26 10:13:48,741 INFO 7316 [Job#1558836828740351325921990454] /home/sue/React-learning-and-work/hello-antd-router/backEnd/app/schedule/update_cache.js execute succeed, used 0ms
2019-05-26 10:14:48,742 INFO 4981 [Timer] /home/sue/React-learning-and-work/hello-antd-router/backEnd/app/schedule/update_cache.js next time will execute after 60000ms at 2019-05-26 10:15:48.742
2019-05-26 10:14:48,742 INFO 7316 [Job#1558836888742357326071048555] /home/sue/React-learning-and-work/hello-antd-router/backEnd/app/schedule/update_cache.js executing by app
2019-05-26 10:14:48,743 INFO 7316 [Job#1558836888742357326071048555] /home/sue/React-learning-and-work/hello-antd-router/backEnd/app/schedule/update_cache.js execute succeed, used 1ms
2019-05-26 10:15:48,743 INFO 4981 [Timer] /home/sue/React-learning-and-work/hello-antd-router/backEnd/app/schedule/update_cache.js next time will execute after 60000ms at 2019-05-26 10:16:48.743
2019-05-26 10:15:48,743 INFO 7316 [Job#1558836948742363326142684256] /home/sue/React-learning-and-work/hello-antd-router/backEnd/app/schedule/update_cache.js executing by app
2019-05-26 10:15:48,744 INFO 7316 [Job#1558836948742363326142684256] /home/sue/React-learning-and-work/hello-antd-router/backEnd/app/schedule/update_cache.js execute succeed, used 1ms
2019-05-26 10:16:48,744 INFO 4981 [Timer] /home/sue/React-learning-and-work/hello-antd-router/backEnd/app/schedule/update_cache.js next time will execute after 60000ms at 2019-05-26 10:17:48.744
2019-05-26 10:16:48,745 INFO 7316 [Job#1558837008744369326258739357] /home/sue/React-learning-and-work/hello-antd-router/backEnd/app/schedule/update_cache.js executing by app
2019-05-26 10:16:48,745 INFO 7316 [Job#1558837008744369326258739357] /home/sue/React-learning-and-work/hello-antd-router/backEnd/app/schedule/update_cache.js execute succeed, used 0ms
2019-05-26 10:17:48,746 INFO 7316 [Job#1558837068745375326416804258] /home/sue/React-learning-and-work/hello-antd-router/backEnd/app/schedule/update_cache.js executing by app
2019-05-26 10:17:48,746 INFO 7316 [Job#1558837068745375326416804258] /home/sue/React-learning-and-work/hello-antd-router/backEnd/app/schedule/update_cache.js execute succeed, used 0ms
2019-05-26 10:17:48,745 INFO 4981 [Timer] /home/sue/React-learning-and-work/hello-antd-router/backEnd/app/schedule/update_cache.js next time will execute after 60000ms at 2019-05-26 10:18:48.745
2019-05-26 10:18:48,747 INFO 7316 [Job#1558837128746381326513297359] /home/sue/React-learning-and-work/hello-antd-router/backEnd/app/schedule/update_cache.js executing by app
2019-05-26 10:18:48,747 INFO 7316 [Job#1558837128746381326513297359] /home/sue/React-learning-and-work/hello-antd-router/backEnd/app/schedule/update_cache.js execute succeed, used 0ms
2019-05-26 10:18:48,746 INFO 4981 [Timer] /home/sue/React-learning-and-work/hello-antd-router/backEnd/app/schedule/update_cache.js next time will execute after 60000ms at 2019-05-26 10:19:48.746
2019-05-26 10:19:48,747 INFO 7316 [Job#1558837188747387326550447160] /home/sue/React-learning-and-work/hello-antd-router/backEnd/app/schedule/update_cache.js executing by app
2019-05-26 10:19:48,748 INFO 7316 [Job#1558837188747387326550447160] /home/sue/React-learning-and-work/hello-antd-router/backEnd/app/schedule/update_cache.js execute succeed, used 1ms
2019-05-26 10:19:48,747 INFO 4981 [Timer] /home/sue/React-learning-and-work/hello-antd-router/backEnd/app/schedule/update_cache.js next time will execute after 60000ms at 2019-05-26 10:20:48.747
2019-05-26 10:20:48,748 INFO 7316 [Job#1558837248747393326633150961] /home/sue/React-learning-and-work/hello-antd-router/backEnd/app/schedule/update_cache.js executing by app
2019-05-26 10:20:48,750 INFO 7316 [Job#1558837248747393326633150961] /home/sue/React-learning-and-work/hello-antd-router/backEnd/app/schedule/update_cache.js execute succeed, used 2ms
2019-05-26 10:20:48,748 INFO 4981 [Timer] /home/sue/React-learning-and-work/hello-antd-router/backEnd/app/schedule/update_cache.js next time will execute after 60000ms at 2019-05-26 10:21:48.748
2019-05-26 10:21:48,748 INFO 7316 [Job#1558837308748399326697453362] /home/sue/React-learning-and-work/hello-antd-router/backEnd/app/schedule/update_cache.js executing by app
2019-05-26 10:21:48,749 INFO 7316 [Job#1558837308748399326697453362] /home/sue/React-learning-and-work/hello-antd-router/backEnd/app/schedule/update_cache.js execute succeed, used 0ms
2019-05-26 10:21:48,748 INFO 4981 [Timer] /home/sue/React-learning-and-work/hello-antd-router/backEnd/app/schedule/update_cache.js next time will execute after 60000ms at 2019-05-26 10:22:48.748
2019-05-26 10:22:48,750 INFO 7316 [Job#1558837368749405326823268663] /home/sue/React-learning-and-work/hello-antd-router/backEnd/app/schedule/update_cache.js executing by app
2019-05-26 10:22:48,750 INFO 7316 [Job#1558837368749405326823268663] /home/sue/React-learning-and-work/hello-antd-router/backEnd/app/schedule/update_cache.js execute succeed, used 0ms
2019-05-26 10:22:48,750 INFO 4981 [Timer] /home/sue/React-learning-and-work/hello-antd-router/backEnd/app/schedule/update_cache.js next time will execute after 60000ms at 2019-05-26 10:23:48.749
2019-05-26 10:23:48,750 INFO 7316 [Job#1558837428750411326877073664] /home/sue/React-learning-and-work/hello-antd-router/backEnd/app/schedule/update_cache.js executing by app
2019-05-26 10:23:48,751 INFO 7316 [Job#1558837428750411326877073664] /home/sue/React-learning-and-work/hello-antd-router/backEnd/app/schedule/update_cache.js execute succeed, used 0ms
2019-05-26 10:23:48,750 INFO 4981 [Timer] /home/sue/React-learning-and-work/hello-antd-router/backEnd/app/schedule/update_cache.js next time will execute after 60000ms at 2019-05-26 10:24:48.750
2019-05-26 10:24:48,751 INFO 7316 [Job#1558837488751417326963258765] /home/sue/React-learning-and-work/hello-antd-router/backEnd/app/schedule/update_cache.js executing by app
2019-05-26 10:24:48,752 INFO 7316 [Job#1558837488751417326963258765] /home/sue/React-learning-and-work/hello-antd-router/backEnd/app/schedule/update_cache.js execute succeed, used 1ms
2019-05-26 10:24:48,751 INFO 4981 [Timer] /home/sue/React-learning-and-work/hello-antd-router/backEnd/app/schedule/update_cache.js next time will execute after 60000ms at 2019-05-26 10:25:48.751
2019-05-26 10:25:48,751 INFO 7316 [Job#1558837548750423326943079766] /home/sue/React-learning-and-work/hello-antd-router/backEnd/app/schedule/update_cache.js executing by app
2019-05-26 10:25:48,752 INFO 7316 [Job#1558837548750423326943079766] /home/sue/React-learning-and-work/hello-antd-router/backEnd/app/schedule/update_cache.js execute succeed, used 0ms
2019-05-26 10:25:48,751 INFO 4981 [Timer] /home/sue/React-learning-and-work/hello-antd-router/backEnd/app/schedule/update_cache.js next time will execute after 60000ms at 2019-05-26 10:26:48.751
2019-05-26 10:26:48,752 INFO 7316 [Job#1558837608751429327006909367] /home/sue/React-learning-and-work/hello-antd-router/backEnd/app/schedule/update_cache.js executing by app
2019-05-26 10:26:48,752 INFO 7316 [Job#1558837608751429327006909367] /home/sue/React-learning-and-work/hello-antd-router/backEnd/app/schedule/update_cache.js execute succeed, used 0ms
2019-05-26 10:26:48,751 INFO 4981 [Timer] /home/sue/React-learning-and-work/hello-antd-router/backEnd/app/schedule/update_cache.js next time will execute after 60000ms at 2019-05-26 10:27:48.751
2019-05-26 10:27:48,752 INFO 7316 [Job#1558837668752435327049652468] /home/sue/React-learning-and-work/hello-antd-router/backEnd/app/schedule/update_cache.js executing by app
2019-05-26 10:27:48,752 INFO 7316 [Job#1558837668752435327049652468] /home/sue/React-learning-and-work/hello-antd-router/backEnd/app/schedule/update_cache.js execute succeed, used 0ms
2019-05-26 10:27:48,752 INFO 4981 [Timer] /home/sue/React-learning-and-work/hello-antd-router/backEnd/app/schedule/update_cache.js next time will execute after 60000ms at 2019-05-26 10:28:48.752
2019-05-26 10:28:48,753 INFO 7316 [Job#1558837728752441327102109169] /home/sue/React-learning-and-work/hello-antd-router/backEnd/app/schedule/update_cache.js executing by app
2019-05-26 10:28:48,753 INFO 7316 [Job#1558837728752441327102109169] /home/sue/React-learning-and-work/hello-antd-router/backEnd/app/schedule/update_cache.js execute succeed, used 0ms
2019-05-26 10:28:48,752 INFO 4981 [Timer] /home/sue/React-learning-and-work/hello-antd-router/backEnd/app/schedule/update_cache.js next time will execute after 60000ms at 2019-05-26 10:29:48.752
2019-05-26 10:29:48,754 INFO 7316 [Job#1558837788753447327210003070] /home/sue/React-learning-and-work/hello-antd-router/backEnd/app/schedule/update_cache.js executing by app
2019-05-26 10:29:48,754 INFO 7316 [Job#1558837788753447327210003070] /home/sue/React-learning-and-work/hello-antd-router/backEnd/app/schedule/update_cache.js execute succeed, used 0ms
2019-05-26 10:29:48,753 INFO 4981 [Timer] /home/sue/React-learning-and-work/hello-antd-router/backEnd/app/schedule/update_cache.js next time will execute after 60000ms at 2019-05-26 10:30:48.753
2019-05-26 10:30:48,754 INFO 7316 [Job#1558837848753453327242106571] /home/sue/React-learning-and-work/hello-antd-router/backEnd/app/schedule/update_cache.js executing by app
2019-05-26 10:30:48,754 INFO 7316 [Job#1558837848753453327242106571] /home/sue/React-learning-and-work/hello-antd-router/backEnd/app/schedule/update_cache.js execute succeed, used 0ms
2019-05-26 10:30:48,754 INFO 4981 [Timer] /home/sue/React-learning-and-work/hello-antd-router/backEnd/app/schedule/update_cache.js next time will execute after 60000ms at 2019-05-26 10:31:48.754
2019-05-26 10:31:48,754 INFO 7316 [Job#1558837908753459327216201972] /home/sue/React-learning-and-work/hello-antd-router/backEnd/app/schedule/update_cache.js executing by app
2019-05-26 10:31:48,754 INFO 7316 [Job#1558837908753459327216201972] /home/sue/React-learning-and-work/hello-antd-router/backEnd/app/schedule/update_cache.js execute succeed, used 0ms
2019-05-26 10:31:48,753 INFO 4981 [Timer] /home/sue/React-learning-and-work/hello-antd-router/backEnd/app/schedule/update_cache.js next time will execute after 60000ms at 2019-05-26 10:32:48.753
2019-05-26 10:32:48,755 INFO 4981 [Timer] /home/sue/React-learning-and-work/hello-antd-router/backEnd/app/schedule/update_cache.js next time will execute after 60000ms at 2019-05-26 10:33:48.754
2019-05-26 10:32:48,755 INFO 7316 [Job#1558837968754465327332893573] /home/sue/React-learning-and-work/hello-antd-router/backEnd/app/schedule/update_cache.js executing by app
2019-05-26 10:32:48,755 INFO 7316 [Job#1558837968754465327332893573] /home/sue/React-learning-and-work/hello-antd-router/backEnd/app/schedule/update_cache.js execute succeed, used 0ms
2019-05-26 10:33:48,755 INFO 4981 [Timer] /home/sue/React-learning-and-work/hello-antd-router/backEnd/app/schedule/update_cache.js next time will execute after 60000ms at 2019-05-26 10:34:48.755
2019-05-26 10:33:48,756 INFO 7316 [Job#1558838028755471327398759474] /home/sue/React-learning-and-work/hello-antd-router/backEnd/app/schedule/update_cache.js executing by app
2019-05-26 10:33:48,756 INFO 7316 [Job#1558838028755471327398759474] /home/sue/React-learning-and-work/hello-antd-router/backEnd/app/schedule/update_cache.js execute succeed, used 0ms
2019-05-26 10:34:48,757 INFO 4981 [Timer] /home/sue/React-learning-and-work/hello-antd-router/backEnd/app/schedule/update_cache.js next time will execute after 60000ms at 2019-05-26 10:35:48.757
2019-05-26 10:34:48,757 INFO 7316 [Job#1558838088756477327544815275] /home/sue/React-learning-and-work/hello-antd-router/backEnd/app/schedule/update_cache.js executing by app
2019-05-26 10:34:48,757 INFO 7316 [Job#1558838088756477327544815275] /home/sue/React-learning-and-work/hello-antd-router/backEnd/app/schedule/update_cache.js execute succeed, used 0ms
2019-05-26 10:35:48,757 INFO 4981 [Timer] /home/sue/React-learning-and-work/hello-antd-router/backEnd/app/schedule/update_cache.js next time will execute after 60000ms at 2019-05-26 10:36:48.756
2019-05-26 10:35:48,757 INFO 7316 [Job#1558838148756483327532429376] /home/sue/React-learning-and-work/hello-antd-router/backEnd/app/schedule/update_cache.js executing by app
2019-05-26 10:35:48,757 INFO 7316 [Job#1558838148756483327532429376] /home/sue/React-learning-and-work/hello-antd-router/backEnd/app/schedule/update_cache.js execute succeed, used 0ms
2019-05-26 12:34:19,527 INFO 22773 [egg-schedule]: register schedule /home/sue/React-learning-and-work/hello-antd-router-auth/backEnd/node_modules/_egg-multipart@2.7.1@egg-multipart/app/schedule/clean_tmpdir.js
2019-05-26 12:34:19,527 INFO 22773 [egg-schedule]: register schedule /home/sue/React-learning-and-work/hello-antd-router-auth/backEnd/node_modules/_egg-logrotator@3.1.0@egg-logrotator/app/schedule/clean_log.js
2019-05-26 12:34:19,527 INFO 22773 [egg-schedule]: register schedule /home/sue/React-learning-and-work/hello-antd-router-auth/backEnd/node_modules/_egg-logrotator@3.1.0@egg-logrotator/app/schedule/rotate_by_file.js
2019-05-26 12:34:19,527 INFO 22773 [egg-schedule]: register schedule /home/sue/React-learning-and-work/hello-antd-router-auth/backEnd/app/schedule/update_cache.js
2019-05-26 12:34:20,116 INFO 22758 [Timer] /home/sue/React-learning-and-work/hello-antd-router-auth/backEnd/node_modules/_egg-multipart@2.7.1@egg-multipart/app/schedule/clean_tmpdir.js next time will execute after 57339888ms at 2019-05-27 04:30:00.004
2019-05-26 12:34:20,118 INFO 22758 [Timer] /home/sue/React-learning-and-work/hello-antd-router-auth/backEnd/node_modules/_egg-logrotator@3.1.0@egg-logrotator/app/schedule/clean_log.js next time will execute after 41139883ms at 2019-05-27 00:00:00.001
2019-05-26 12:34:20,119 INFO 22758 [Timer] /home/sue/React-learning-and-work/hello-antd-router-auth/backEnd/node_modules/_egg-logrotator@3.1.0@egg-logrotator/app/schedule/rotate_by_file.js next time will execute after 41140882ms at 2019-05-27 00:00:01.001
2019-05-26 12:34:20,119 INFO 22758 [Timer] /home/sue/React-learning-and-work/hello-antd-router-auth/backEnd/app/schedule/update_cache.js next time will execute after 60000ms at 2019-05-26 12:35:20.119
2019-05-26 12:35:20,121 INFO 22773 [Job#1558845320119120027712392191] /home/sue/React-learning-and-work/hello-antd-router-auth/backEnd/app/schedule/update_cache.js executing by app
2019-05-26 12:35:20,131 INFO 22773 [Job#1558845320119120027712392191] /home/sue/React-learning-and-work/hello-antd-router-auth/backEnd/app/schedule/update_cache.js execute succeed, used 9ms
2019-05-26 12:35:20,120 INFO 22758 [Timer] /home/sue/React-learning-and-work/hello-antd-router-auth/backEnd/app/schedule/update_cache.js next time will execute after 60000ms at 2019-05-26 12:36:20.120
2019-05-26 12:36:20,121 INFO 22758 [Timer] /home/sue/React-learning-and-work/hello-antd-router-auth/backEnd/app/schedule/update_cache.js next time will execute after 60000ms at 2019-05-26 12:37:20.121
2019-05-26 12:36:20,121 INFO 22773 [Job#1558845380120120627720724802] /home/sue/React-learning-and-work/hello-antd-router-auth/backEnd/app/schedule/update_cache.js executing by app
2019-05-26 12:36:20,121 INFO 22773 [Job#1558845380120120627720724802] /home/sue/React-learning-and-work/hello-antd-router-auth/backEnd/app/schedule/update_cache.js execute succeed, used 0ms
2019-05-26 12:37:20,121 INFO 22758 [Timer] /home/sue/React-learning-and-work/hello-antd-router-auth/backEnd/app/schedule/update_cache.js next time will execute after 60000ms at 2019-05-26 12:38:20.121
2019-05-26 12:37:20,122 INFO 22773 [Job#1558845440121121227730381333] /home/sue/React-learning-and-work/hello-antd-router-auth/backEnd/app/schedule/update_cache.js executing by app
2019-05-26 12:37:20,122 INFO 22773 [Job#1558845440121121227730381333] /home/sue/React-learning-and-work/hello-antd-router-auth/backEnd/app/schedule/update_cache.js execute succeed, used 0ms
2019-05-26 12:38:20,122 INFO 22758 [Timer] /home/sue/React-learning-and-work/hello-antd-router-auth/backEnd/app/schedule/update_cache.js next time will execute after 60000ms at 2019-05-26 12:39:20.122
2019-05-26 12:38:20,123 INFO 22773 [Job#1558845500122121827739112624] /home/sue/React-learning-and-work/hello-antd-router-auth/backEnd/app/schedule/update_cache.js executing by app
2019-05-26 12:38:20,124 INFO 22773 [Job#1558845500122121827739112624] /home/sue/React-learning-and-work/hello-antd-router-auth/backEnd/app/schedule/update_cache.js execute succeed, used 1ms
2019-05-26 12:39:20,123 INFO 22758 [Timer] /home/sue/React-learning-and-work/hello-antd-router-auth/backEnd/app/schedule/update_cache.js next time will execute after 60000ms at 2019-05-26 12:40:20.123
2019-05-26 12:39:20,123 INFO 22773 [Job#1558845560122122427741553085] /home/sue/React-learning-and-work/hello-antd-router-auth/backEnd/app/schedule/update_cache.js executing by app
2019-05-26 12:39:20,123 INFO 22773 [Job#1558845560122122427741553085] /home/sue/React-learning-and-work/hello-antd-router-auth/backEnd/app/schedule/update_cache.js execute succeed, used 0ms
2019-05-26 12:40:20,123 INFO 22758 [Timer] /home/sue/React-learning-and-work/hello-antd-router-auth/backEnd/app/schedule/update_cache.js next time will execute after 60000ms at 2019-05-26 12:41:20.123
2019-05-26 12:40:20,124 INFO 22773 [Job#1558845620123123027747389546] /home/sue/React-learning-and-work/hello-antd-router-auth/backEnd/app/schedule/update_cache.js executing by app
2019-05-26 12:40:20,124 INFO 22773 [Job#1558845620123123027747389546] /home/sue/React-learning-and-work/hello-antd-router-auth/backEnd/app/schedule/update_cache.js execute succeed, used 0ms
2019-05-26 12:41:20,123 INFO 22758 [Timer] /home/sue/React-learning-and-work/hello-antd-router-auth/backEnd/app/schedule/update_cache.js next time will execute after 60000ms at 2019-05-26 12:42:20.123
2019-05-26 12:41:20,124 INFO 22773 [Job#1558845680123123627748960867] /home/sue/React-learning-and-work/hello-antd-router-auth/backEnd/app/schedule/update_cache.js executing by app
2019-05-26 12:41:20,124 INFO 22773 [Job#1558845680123123627748960867] /home/sue/React-learning-and-work/hello-antd-router-auth/backEnd/app/schedule/update_cache.js execute succeed, used 0ms
2019-05-26 12:42:20,124 INFO 22758 [Timer] /home/sue/React-learning-and-work/hello-antd-router-auth/backEnd/app/schedule/update_cache.js next time will execute after 60000ms at 2019-05-26 12:43:20.124
2019-05-26 12:42:20,124 INFO 22773 [Job#1558845740124124227752251588] /home/sue/React-learning-and-work/hello-antd-router-auth/backEnd/app/schedule/update_cache.js executing by app
2019-05-26 12:42:20,124 INFO 22773 [Job#1558845740124124227752251588] /home/sue/React-learning-and-work/hello-antd-router-auth/backEnd/app/schedule/update_cache.js execute succeed, used 0ms
2019-05-26 12:43:20,124 INFO 22758 [Timer] /home/sue/React-learning-and-work/hello-antd-router-auth/backEnd/app/schedule/update_cache.js next time will execute after 60000ms at 2019-05-26 12:44:20.124
2019-05-26 12:43:20,125 INFO 22773 [Job#1558845800124124827759718449] /home/sue/React-learning-and-work/hello-antd-router-auth/backEnd/app/schedule/update_cache.js executing by app
2019-05-26 12:43:20,125 INFO 22773 [Job#1558845800124124827759718449] /home/sue/React-learning-and-work/hello-antd-router-auth/backEnd/app/schedule/update_cache.js execute succeed, used 0ms
2019-05-26 12:44:20,125 INFO 22758 [Timer] /home/sue/React-learning-and-work/hello-antd-router-auth/backEnd/app/schedule/update_cache.js next time will execute after 60000ms at 2019-05-26 12:45:20.125
2019-05-26 12:44:20,126 INFO 22773 [Job#15588458601251254277679605810] /home/sue/React-learning-and-work/hello-antd-router-auth/backEnd/app/schedule/update_cache.js executing by app
2019-05-26 12:44:20,126 INFO 22773 [Job#15588458601251254277679605810] /home/sue/React-learning-and-work/hello-antd-router-auth/backEnd/app/schedule/update_cache.js execute succeed, used 0ms
2019-05-26 12:45:20,125 INFO 22758 [Timer] /home/sue/React-learning-and-work/hello-antd-router-auth/backEnd/app/schedule/update_cache.js next time will execute after 60000ms at 2019-05-26 12:46:20.125
2019-05-26 12:45:20,126 INFO 22773 [Job#15588459201251260277688499311] /home/sue/React-learning-and-work/hello-antd-router-auth/backEnd/app/schedule/update_cache.js executing by app
2019-05-26 12:45:20,127 INFO 22773 [Job#15588459201251260277688499311] /home/sue/React-learning-and-work/hello-antd-router-auth/backEnd/app/schedule/update_cache.js execute succeed, used 1ms
2019-05-26 12:46:20,127 INFO 22773 [Job#15588459801261266277792401712] /home/sue/React-learning-and-work/hello-antd-router-auth/backEnd/app/schedule/update_cache.js executing by app
2019-05-26 12:46:20,127 INFO 22773 [Job#15588459801261266277792401712] /home/sue/React-learning-and-work/hello-antd-router-auth/backEnd/app/schedule/update_cache.js execute succeed, used 0ms
2019-05-26 12:46:20,126 INFO 22758 [Timer] /home/sue/React-learning-and-work/hello-antd-router-auth/backEnd/app/schedule/update_cache.js next time will execute after 60000ms at 2019-05-26 12:47:20.126
2019-05-26 12:47:20,127 INFO 22773 [Job#15588460401271272277856014513] /home/sue/React-learning-and-work/hello-antd-router-auth/backEnd/app/schedule/update_cache.js executing by app
2019-05-26 12:47:20,128 INFO 22773 [Job#15588460401271272277856014513] /home/sue/React-learning-and-work/hello-antd-router-auth/backEnd/app/schedule/update_cache.js execute succeed, used 1ms
2019-05-26 12:47:20,127 INFO 22758 [Timer] /home/sue/React-learning-and-work/hello-antd-router-auth/backEnd/app/schedule/update_cache.js next time will execute after 60000ms at 2019-05-26 12:48:20.127
2019-05-26 12:48:20,127 INFO 22773 [Job#15588461001271278277840111914] /home/sue/React-learning-and-work/hello-antd-router-auth/backEnd/app/schedule/update_cache.js executing by app
2019-05-26 12:48:20,127 INFO 22773 [Job#15588461001271278277840111914] /home/sue/React-learning-and-work/hello-antd-router-auth/backEnd/app/schedule/update_cache.js execute succeed, used 0ms
2019-05-26 12:48:20,127 INFO 22758 [Timer] /home/sue/React-learning-and-work/hello-antd-router-auth/backEnd/app/schedule/update_cache.js next time will execute after 60000ms at 2019-05-26 12:49:20.127
2019-05-26 12:49:20,127 INFO 22773 [Job#15588461601271284277840865515] /home/sue/React-learning-and-work/hello-antd-router-auth/backEnd/app/schedule/update_cache.js executing by app
2019-05-26 12:49:20,128 INFO 22773 [Job#15588461601271284277840865515] /home/sue/React-learning-and-work/hello-antd-router-auth/backEnd/app/schedule/update_cache.js execute succeed, used 0ms
2019-05-26 12:49:20,127 INFO 22758 [Timer] /home/sue/React-learning-and-work/hello-antd-router-auth/backEnd/app/schedule/update_cache.js next time will execute after 60000ms at 2019-05-26 12:50:20.127
2019-05-26 12:50:20,127 INFO 22773 [Job#15588462201271290277845320516] /home/sue/React-learning-and-work/hello-antd-router-auth/backEnd/app/schedule/update_cache.js executing by app
2019-05-26 12:50:20,127 INFO 22773 [Job#15588462201271290277845320516] /home/sue/React-learning-and-work/hello-antd-router-auth/backEnd/app/schedule/update_cache.js execute succeed, used 0ms
2019-05-26 12:50:20,127 INFO 22758 [Timer] /home/sue/React-learning-and-work/hello-antd-router-auth/backEnd/app/schedule/update_cache.js next time will execute after 60000ms at 2019-05-26 12:51:20.127
2019-05-26 12:51:20,127 INFO 22773 [Job#15588462801271296277819155017] /home/sue/React-learning-and-work/hello-antd-router-auth/backEnd/app/schedule/update_cache.js executing by app
2019-05-26 12:51:20,127 INFO 22773 [Job#15588462801271296277819155017] /home/sue/React-learning-and-work/hello-antd-router-auth/backEnd/app/schedule/update_cache.js execute succeed, used 0ms
2019-05-26 12:51:20,127 INFO 22758 [Timer] /home/sue/React-learning-and-work/hello-antd-router-auth/backEnd/app/schedule/update_cache.js next time will execute after 60000ms at 2019-05-26 12:52:20.127
2019-05-26 12:52:20,127 INFO 22773 [Job#15588463401271302277861829518] /home/sue/React-learning-and-work/hello-antd-router-auth/backEnd/app/schedule/update_cache.js executing by app
2019-05-26 12:52:20,128 INFO 22773 [Job#15588463401271302277861829518] /home/sue/React-learning-and-work/hello-antd-router-auth/backEnd/app/schedule/update_cache.js execute succeed, used 1ms
2019-05-26 12:52:20,127 INFO 22758 [Timer] /home/sue/React-learning-and-work/hello-antd-router-auth/backEnd/app/schedule/update_cache.js next time will execute after 60000ms at 2019-05-26 12:53:20.127
